[2016-07-08 07:34:04,907] INFO [SessionExpirationListener on 0], ZK expired; shut down all controller components and try to re-elect (kafka.controller.KafkaController$SessionExpirationListener)
[2016-07-08 07:34:04,909] DEBUG [Controller 0]: Controller resigning, broker id 0 (kafka.controller.KafkaController)
[2016-07-08 07:34:04,909] DEBUG [Controller 0]: De-registering IsrChangeNotificationListener (kafka.controller.KafkaController)
[2016-07-08 07:34:04,910] INFO [Partition state machine on Controller 0]: Stopped partition state machine (kafka.controller.PartitionStateMachine)
[2016-07-08 07:34:04,910] INFO [Replica state machine on controller 0]: Stopped replica state machine (kafka.controller.ReplicaStateMachine)
[2016-07-08 07:34:04,913] INFO [Controller-0-to-broker-0-send-thread], Shutting down (kafka.controller.RequestSendThread)
[2016-07-08 07:34:04,913] INFO [Controller-0-to-broker-0-send-thread], Stopped  (kafka.controller.RequestSendThread)
[2016-07-08 07:34:04,913] INFO [Controller-0-to-broker-0-send-thread], Shutdown completed (kafka.controller.RequestSendThread)
[2016-07-08 07:34:04,914] INFO [Controller 0]: Broker 0 resigned as the controller (kafka.controller.KafkaController)
[2016-07-08 07:34:04,917] INFO [Controller 0]: Broker 0 starting become controller state transition (kafka.controller.KafkaController)
[2016-07-08 07:34:04,919] INFO [Controller 0]: Initialized controller epoch to 16 and zk version 15 (kafka.controller.KafkaController)
[2016-07-08 07:34:04,920] INFO [Controller 0]: Controller 0 incremented epoch to 17 (kafka.controller.KafkaController)
[2016-07-08 07:34:04,920] DEBUG [Controller 0]: Registering IsrChangeNotificationListener (kafka.controller.KafkaController)
[2016-07-08 07:34:04,949] INFO [Controller 0]: Partitions undergoing preferred replica election:  (kafka.controller.KafkaController)
[2016-07-08 07:34:04,949] INFO [Controller 0]: Partitions that completed preferred replica election:  (kafka.controller.KafkaController)
[2016-07-08 07:34:04,949] INFO [Controller 0]: Resuming preferred replica election for partitions:  (kafka.controller.KafkaController)
[2016-07-08 07:34:04,950] INFO [Controller 0]: Partitions being reassigned: Map() (kafka.controller.KafkaController)
[2016-07-08 07:34:04,950] INFO [Controller 0]: Partitions already reassigned: List() (kafka.controller.KafkaController)
[2016-07-08 07:34:04,950] INFO [Controller 0]: Resuming reassignment of partitions: Map() (kafka.controller.KafkaController)
[2016-07-08 07:34:04,951] INFO [Controller 0]: List of topics to be deleted: page_views (kafka.controller.KafkaController)
[2016-07-08 07:34:04,951] INFO [Controller 0]: List of topics ineligible for deletion: test,page_views_logs_stream,page_view_logs_stream,page_views,logs (kafka.controller.KafkaController)
[2016-07-08 07:34:04,951] INFO [Controller 0]: Currently active brokers in the cluster: Set() (kafka.controller.KafkaController)
[2016-07-08 07:34:04,951] INFO [Controller 0]: Currently shutting brokers in the cluster: Set() (kafka.controller.KafkaController)
[2016-07-08 07:34:04,952] INFO [Controller 0]: Current list of topics in the cluster: Set(test, page_views_logs_stream, page_view_logs_stream, page_views, logs) (kafka.controller.KafkaController)
[2016-07-08 07:34:04,952] INFO [Replica state machine on controller 0]: Started replica state machine with initial state -> Map([Topic=logs,Partition=0,Replica=0] -> ReplicaDeletionIneligible, [Topic=test,Partition=0,Replica=0] -> ReplicaDeletionIneligible, [Topic=page_view_logs_stream,Partition=0,Replica=0] -> ReplicaDeletionIneligible, [Topic=page_views,Partition=0,Replica=0] -> ReplicaDeletionIneligible, [Topic=page_views_logs_stream,Partition=0,Replica=0] -> ReplicaDeletionIneligible) (kafka.controller.ReplicaStateMachine)
[2016-07-08 07:34:04,957] DEBUG [OfflinePartitionLeaderSelector]: No broker in ISR is alive for [page_views,0]. Pick the leader from the alive assigned replicas:  (kafka.controller.OfflinePartitionLeaderSelector)
[2016-07-08 07:34:04,962] DEBUG [OfflinePartitionLeaderSelector]: No broker in ISR is alive for [page_views_logs_stream,0]. Pick the leader from the alive assigned replicas:  (kafka.controller.OfflinePartitionLeaderSelector)
[2016-07-08 07:34:04,967] DEBUG [OfflinePartitionLeaderSelector]: No broker in ISR is alive for [logs,0]. Pick the leader from the alive assigned replicas:  (kafka.controller.OfflinePartitionLeaderSelector)
[2016-07-08 07:34:04,972] DEBUG [OfflinePartitionLeaderSelector]: No broker in ISR is alive for [test,0]. Pick the leader from the alive assigned replicas:  (kafka.controller.OfflinePartitionLeaderSelector)
[2016-07-08 07:34:04,977] DEBUG [OfflinePartitionLeaderSelector]: No broker in ISR is alive for [page_view_logs_stream,0]. Pick the leader from the alive assigned replicas:  (kafka.controller.OfflinePartitionLeaderSelector)
[2016-07-08 07:34:04,978] INFO [Partition state machine on Controller 0]: Started partition state machine with initial state -> Map([page_views,0] -> OfflinePartition, [page_views_logs_stream,0] -> OfflinePartition, [logs,0] -> OfflinePartition, [test,0] -> OfflinePartition, [page_view_logs_stream,0] -> OfflinePartition) (kafka.controller.PartitionStateMachine)
[2016-07-08 07:34:04,980] INFO [Controller 0]: Broker 0 is ready to serve as the new controller with epoch 17 (kafka.controller.KafkaController)
[2016-07-08 07:34:04,980] INFO [Controller 0]: Starting preferred replica leader election for partitions  (kafka.controller.KafkaController)
[2016-07-08 07:34:04,980] INFO [Partition state machine on Controller 0]: Invoking state change to OnlinePartition for partitions  (kafka.controller.PartitionStateMachine)
[2016-07-08 07:34:04,981] INFO [Controller 0]: starting the partition rebalance scheduler (kafka.controller.KafkaController)
[2016-07-08 07:34:04,986] DEBUG [IsrChangeNotificationListener] Fired!!! (kafka.controller.IsrChangeNotificationListener)
[2016-07-08 07:34:04,987] INFO [BrokerChangeListener on Controller 0]: Broker change listener fired for path /brokers/ids with children 0 (kafka.controller.ReplicaStateMachine$BrokerChangeListener)
[2016-07-08 07:34:04,992] INFO [BrokerChangeListener on Controller 0]: Newly added brokers: 0, deleted brokers: , all live brokers: 0 (kafka.controller.ReplicaStateMachine$BrokerChangeListener)
[2016-07-08 07:34:04,992] DEBUG [Channel manager on controller 0]: Controller 0 trying to connect to broker 0 (kafka.controller.ControllerChannelManager)
[2016-07-08 07:34:04,994] INFO [Controller 0]: New broker startup callback for 0 (kafka.controller.KafkaController)
[2016-07-08 07:34:04,996] INFO [Controller-0-to-broker-0-send-thread], Starting  (kafka.controller.RequestSendThread)
[2016-07-08 07:34:05,000] INFO [Replica state machine on controller 0]: Invoking state change to OnlineReplica for replicas [Topic=test,Partition=0,Replica=0],[Topic=logs,Partition=0,Replica=0],[Topic=page_view_logs_stream,Partition=0,Replica=0],[Topic=page_views_logs_stream,Partition=0,Replica=0],[Topic=page_views,Partition=0,Replica=0] (kafka.controller.ReplicaStateMachine)
[2016-07-08 07:34:05,007] INFO [Controller-0-to-broker-0-send-thread], Controller 0 connected to quickstart.cloudera:9092 (id: 0 rack: null) for sending state change requests (kafka.controller.RequestSendThread)
[2016-07-08 07:34:05,009] DEBUG [OfflinePartitionLeaderSelector]: Some broker in ISR is alive for [page_views,0]. Select 0 from ISR 0 to be the leader. (kafka.controller.OfflinePartitionLeaderSelector)
[2016-07-08 07:34:05,010] INFO [OfflinePartitionLeaderSelector]: Selected new leader and ISR {"leader":0,"leader_epoch":6,"isr":[0]} for offline partition [page_views,0] (kafka.controller.OfflinePartitionLeaderSelector)
[2016-07-08 07:34:05,012] DEBUG [Partition state machine on Controller 0]: After leader election, leader cache is updated to Map([page_views,0] -> (Leader:0,ISR:0,LeaderEpoch:6,ControllerEpoch:17), [page_views_logs_stream,0] -> (Leader:0,ISR:0,LeaderEpoch:2,ControllerEpoch:16), [logs,0] -> (Leader:0,ISR:0,LeaderEpoch:2,ControllerEpoch:16), [test,0] -> (Leader:0,ISR:0,LeaderEpoch:15,ControllerEpoch:16), [page_view_logs_stream,0] -> (Leader:0,ISR:0,LeaderEpoch:2,ControllerEpoch:16)) (kafka.controller.PartitionStateMachine)
[2016-07-08 07:34:05,020] DEBUG [OfflinePartitionLeaderSelector]: Some broker in ISR is alive for [page_views_logs_stream,0]. Select 0 from ISR 0 to be the leader. (kafka.controller.OfflinePartitionLeaderSelector)
[2016-07-08 07:34:05,020] INFO [OfflinePartitionLeaderSelector]: Selected new leader and ISR {"leader":0,"leader_epoch":3,"isr":[0]} for offline partition [page_views_logs_stream,0] (kafka.controller.OfflinePartitionLeaderSelector)
[2016-07-08 07:34:05,022] DEBUG [Partition state machine on Controller 0]: After leader election, leader cache is updated to Map([page_views,0] -> (Leader:0,ISR:0,LeaderEpoch:6,ControllerEpoch:17), [page_views_logs_stream,0] -> (Leader:0,ISR:0,LeaderEpoch:3,ControllerEpoch:17), [logs,0] -> (Leader:0,ISR:0,LeaderEpoch:2,ControllerEpoch:16), [test,0] -> (Leader:0,ISR:0,LeaderEpoch:15,ControllerEpoch:16), [page_view_logs_stream,0] -> (Leader:0,ISR:0,LeaderEpoch:2,ControllerEpoch:16)) (kafka.controller.PartitionStateMachine)
[2016-07-08 07:34:05,027] DEBUG [OfflinePartitionLeaderSelector]: Some broker in ISR is alive for [logs,0]. Select 0 from ISR 0 to be the leader. (kafka.controller.OfflinePartitionLeaderSelector)
[2016-07-08 07:34:05,027] INFO [OfflinePartitionLeaderSelector]: Selected new leader and ISR {"leader":0,"leader_epoch":3,"isr":[0]} for offline partition [logs,0] (kafka.controller.OfflinePartitionLeaderSelector)
[2016-07-08 07:34:05,029] DEBUG [Partition state machine on Controller 0]: After leader election, leader cache is updated to Map([page_views,0] -> (Leader:0,ISR:0,LeaderEpoch:6,ControllerEpoch:17), [page_views_logs_stream,0] -> (Leader:0,ISR:0,LeaderEpoch:3,ControllerEpoch:17), [logs,0] -> (Leader:0,ISR:0,LeaderEpoch:3,ControllerEpoch:17), [test,0] -> (Leader:0,ISR:0,LeaderEpoch:15,ControllerEpoch:16), [page_view_logs_stream,0] -> (Leader:0,ISR:0,LeaderEpoch:2,ControllerEpoch:16)) (kafka.controller.PartitionStateMachine)
[2016-07-08 07:34:05,033] DEBUG [OfflinePartitionLeaderSelector]: Some broker in ISR is alive for [test,0]. Select 0 from ISR 0 to be the leader. (kafka.controller.OfflinePartitionLeaderSelector)
[2016-07-08 07:34:05,033] INFO [OfflinePartitionLeaderSelector]: Selected new leader and ISR {"leader":0,"leader_epoch":16,"isr":[0]} for offline partition [test,0] (kafka.controller.OfflinePartitionLeaderSelector)
[2016-07-08 07:34:05,036] DEBUG [Partition state machine on Controller 0]: After leader election, leader cache is updated to Map([page_views,0] -> (Leader:0,ISR:0,LeaderEpoch:6,ControllerEpoch:17), [page_views_logs_stream,0] -> (Leader:0,ISR:0,LeaderEpoch:3,ControllerEpoch:17), [logs,0] -> (Leader:0,ISR:0,LeaderEpoch:3,ControllerEpoch:17), [test,0] -> (Leader:0,ISR:0,LeaderEpoch:16,ControllerEpoch:17), [page_view_logs_stream,0] -> (Leader:0,ISR:0,LeaderEpoch:2,ControllerEpoch:16)) (kafka.controller.PartitionStateMachine)
[2016-07-08 07:34:05,043] DEBUG [OfflinePartitionLeaderSelector]: Some broker in ISR is alive for [page_view_logs_stream,0]. Select 0 from ISR 0 to be the leader. (kafka.controller.OfflinePartitionLeaderSelector)
[2016-07-08 07:34:05,043] INFO [OfflinePartitionLeaderSelector]: Selected new leader and ISR {"leader":0,"leader_epoch":3,"isr":[0]} for offline partition [page_view_logs_stream,0] (kafka.controller.OfflinePartitionLeaderSelector)
[2016-07-08 07:34:05,049] DEBUG [Partition state machine on Controller 0]: After leader election, leader cache is updated to Map([page_views,0] -> (Leader:0,ISR:0,LeaderEpoch:6,ControllerEpoch:17), [page_views_logs_stream,0] -> (Leader:0,ISR:0,LeaderEpoch:3,ControllerEpoch:17), [logs,0] -> (Leader:0,ISR:0,LeaderEpoch:3,ControllerEpoch:17), [test,0] -> (Leader:0,ISR:0,LeaderEpoch:16,ControllerEpoch:17), [page_view_logs_stream,0] -> (Leader:0,ISR:0,LeaderEpoch:3,ControllerEpoch:17)) (kafka.controller.PartitionStateMachine)
[2016-07-08 07:34:05,052] DEBUG [TopicChangeListener on Controller 0]: Topic change listener fired for path /brokers/topics with children page_views_logs_stream,page_views,page_view_logs_stream,logs,test (kafka.controller.PartitionStateMachine$TopicChangeListener)
[2016-07-08 07:34:05,052] INFO [TopicChangeListener on Controller 0]: New topics: [Set()], deleted topics: [Set()], new partition replica assignment [Map()] (kafka.controller.PartitionStateMachine$TopicChangeListener)
[2016-07-08 07:34:05,060] INFO [AddPartitionsListener on 0]: Partition modification triggered {"version":1,"partitions":{"0":[0]}} for path /brokers/topics/page_views (kafka.controller.PartitionStateMachine$PartitionModificationsListener)
[2016-07-08 07:34:05,067] INFO [AddPartitionsListener on 0]: Partition modification triggered {"version":1,"partitions":{"0":[0]}} for path /brokers/topics/test (kafka.controller.PartitionStateMachine$PartitionModificationsListener)
[2016-07-08 07:34:05,071] INFO [AddPartitionsListener on 0]: Partition modification triggered {"version":1,"partitions":{"0":[0]}} for path /brokers/topics/page_view_logs_stream (kafka.controller.PartitionStateMachine$PartitionModificationsListener)
[2016-07-08 07:34:05,074] INFO [AddPartitionsListener on 0]: Partition modification triggered {"version":1,"partitions":{"0":[0]}} for path /brokers/topics/page_views_logs_stream (kafka.controller.PartitionStateMachine$PartitionModificationsListener)
[2016-07-08 07:34:05,081] INFO [AddPartitionsListener on 0]: Partition modification triggered {"version":1,"partitions":{"0":[0]}} for path /brokers/topics/logs (kafka.controller.PartitionStateMachine$PartitionModificationsListener)
[2016-07-08 07:34:05,084] INFO [BrokerChangeListener on Controller 0]: Broker change listener fired for path /brokers/ids with children 0 (kafka.controller.ReplicaStateMachine$BrokerChangeListener)
[2016-07-08 07:34:05,088] INFO [BrokerChangeListener on Controller 0]: Newly added brokers: , deleted brokers: , all live brokers: 0 (kafka.controller.ReplicaStateMachine$BrokerChangeListener)
[2016-07-08 07:34:09,981] TRACE [Controller 0]: checking need to trigger partition rebalance (kafka.controller.KafkaController)
[2016-07-08 07:34:09,982] DEBUG [Controller 0]: preferred replicas by broker Map(0 -> Map([page_views,0] -> List(0), [page_views_logs_stream,0] -> List(0), [logs,0] -> List(0), [page_view_logs_stream,0] -> List(0), [test,0] -> List(0))) (kafka.controller.KafkaController)
[2016-07-08 07:34:09,982] DEBUG [Controller 0]: topics not in preferred replica Map() (kafka.controller.KafkaController)
[2016-07-08 07:34:09,982] TRACE [Controller 0]: leader imbalance ratio for broker 0 is 0.000000 (kafka.controller.KafkaController)
[2016-07-08 07:39:09,981] TRACE [Controller 0]: checking need to trigger partition rebalance (kafka.controller.KafkaController)
[2016-07-08 07:39:09,982] DEBUG [Controller 0]: preferred replicas by broker Map(0 -> Map([page_views,0] -> List(0), [page_views_logs_stream,0] -> List(0), [logs,0] -> List(0), [page_view_logs_stream,0] -> List(0), [test,0] -> List(0))) (kafka.controller.KafkaController)
[2016-07-08 07:39:09,982] DEBUG [Controller 0]: topics not in preferred replica Map() (kafka.controller.KafkaController)
[2016-07-08 07:39:09,982] TRACE [Controller 0]: leader imbalance ratio for broker 0 is 0.000000 (kafka.controller.KafkaController)
[2016-07-08 07:40:53,415] INFO [Controller 0]: Shutting down broker 0 (kafka.controller.KafkaController)
[2016-07-08 07:40:53,415] DEBUG [Controller 0]: All shutting down brokers: 0 (kafka.controller.KafkaController)
[2016-07-08 07:40:53,416] DEBUG [Controller 0]: Live brokers:  (kafka.controller.KafkaController)
[2016-07-08 07:40:53,420] TRACE [Controller 0]: All leaders = [page_views,0] -> (Leader:0,ISR:0,LeaderEpoch:6,ControllerEpoch:17),[page_views_logs_stream,0] -> (Leader:0,ISR:0,LeaderEpoch:3,ControllerEpoch:17),[logs,0] -> (Leader:0,ISR:0,LeaderEpoch:3,ControllerEpoch:17),[page_view_logs_stream,0] -> (Leader:0,ISR:0,LeaderEpoch:3,ControllerEpoch:17),[test,0] -> (Leader:0,ISR:0,LeaderEpoch:16,ControllerEpoch:17) (kafka.controller.KafkaController)
[2016-07-08 07:40:55,400] DEBUG [Controller 0]: Controller resigning, broker id 0 (kafka.controller.KafkaController)
[2016-07-08 07:40:55,400] DEBUG [Controller 0]: De-registering IsrChangeNotificationListener (kafka.controller.KafkaController)
[2016-07-08 07:40:55,400] INFO [Partition state machine on Controller 0]: Stopped partition state machine (kafka.controller.PartitionStateMachine)
[2016-07-08 07:40:55,401] INFO [Replica state machine on controller 0]: Stopped replica state machine (kafka.controller.ReplicaStateMachine)
[2016-07-08 07:40:55,402] INFO [Controller-0-to-broker-0-send-thread], Shutting down (kafka.controller.RequestSendThread)
[2016-07-08 07:40:55,403] INFO [Controller-0-to-broker-0-send-thread], Stopped  (kafka.controller.RequestSendThread)
[2016-07-08 07:40:55,403] INFO [Controller-0-to-broker-0-send-thread], Shutdown completed (kafka.controller.RequestSendThread)
[2016-07-08 07:40:55,403] INFO [Controller 0]: Broker 0 resigned as the controller (kafka.controller.KafkaController)
[2016-07-08 07:41:07,289] INFO [Controller 0]: Controller starting up (kafka.controller.KafkaController)
[2016-07-08 07:41:07,308] INFO [Controller 0]: Broker 0 starting become controller state transition (kafka.controller.KafkaController)
[2016-07-08 07:41:07,314] INFO [Controller 0]: Initialized controller epoch to 17 and zk version 16 (kafka.controller.KafkaController)
[2016-07-08 07:41:07,317] INFO [Controller 0]: Controller 0 incremented epoch to 18 (kafka.controller.KafkaController)
[2016-07-08 07:41:07,317] DEBUG [Controller 0]: Registering IsrChangeNotificationListener (kafka.controller.KafkaController)
[2016-07-08 07:41:07,452] INFO [Controller 0]: Partitions undergoing preferred replica election:  (kafka.controller.KafkaController)
[2016-07-08 07:41:07,453] INFO [Controller 0]: Partitions that completed preferred replica election:  (kafka.controller.KafkaController)
[2016-07-08 07:41:07,453] INFO [Controller 0]: Resuming preferred replica election for partitions:  (kafka.controller.KafkaController)
[2016-07-08 07:41:07,456] INFO [Controller 0]: Partitions being reassigned: Map() (kafka.controller.KafkaController)
[2016-07-08 07:41:07,456] INFO [Controller 0]: Partitions already reassigned: List() (kafka.controller.KafkaController)
[2016-07-08 07:41:07,457] INFO [Controller 0]: Resuming reassignment of partitions: Map() (kafka.controller.KafkaController)
[2016-07-08 07:41:07,461] INFO [Controller 0]: List of topics to be deleted: page_views (kafka.controller.KafkaController)
[2016-07-08 07:41:07,462] INFO [Controller 0]: List of topics ineligible for deletion: test,page_views_logs_stream,page_view_logs_stream,page_views,logs (kafka.controller.KafkaController)
[2016-07-08 07:41:07,464] INFO [Controller 0]: Currently active brokers in the cluster: Set() (kafka.controller.KafkaController)
[2016-07-08 07:41:07,465] INFO [Controller 0]: Currently shutting brokers in the cluster: Set() (kafka.controller.KafkaController)
[2016-07-08 07:41:07,465] INFO [Controller 0]: Current list of topics in the cluster: Set(test, page_views_logs_stream, page_view_logs_stream, page_views, logs) (kafka.controller.KafkaController)
[2016-07-08 07:41:07,469] INFO [Replica state machine on controller 0]: Started replica state machine with initial state -> Map([Topic=logs,Partition=0,Replica=0] -> ReplicaDeletionIneligible, [Topic=test,Partition=0,Replica=0] -> ReplicaDeletionIneligible, [Topic=page_view_logs_stream,Partition=0,Replica=0] -> ReplicaDeletionIneligible, [Topic=page_views,Partition=0,Replica=0] -> ReplicaDeletionIneligible, [Topic=page_views_logs_stream,Partition=0,Replica=0] -> ReplicaDeletionIneligible) (kafka.controller.ReplicaStateMachine)
[2016-07-08 07:41:07,488] DEBUG [OfflinePartitionLeaderSelector]: No broker in ISR is alive for [page_views,0]. Pick the leader from the alive assigned replicas:  (kafka.controller.OfflinePartitionLeaderSelector)
[2016-07-08 07:41:07,505] DEBUG [OfflinePartitionLeaderSelector]: No broker in ISR is alive for [page_views_logs_stream,0]. Pick the leader from the alive assigned replicas:  (kafka.controller.OfflinePartitionLeaderSelector)
[2016-07-08 07:41:07,516] DEBUG [OfflinePartitionLeaderSelector]: No broker in ISR is alive for [logs,0]. Pick the leader from the alive assigned replicas:  (kafka.controller.OfflinePartitionLeaderSelector)
[2016-07-08 07:41:07,527] DEBUG [OfflinePartitionLeaderSelector]: No broker in ISR is alive for [test,0]. Pick the leader from the alive assigned replicas:  (kafka.controller.OfflinePartitionLeaderSelector)
[2016-07-08 07:41:07,538] DEBUG [OfflinePartitionLeaderSelector]: No broker in ISR is alive for [page_view_logs_stream,0]. Pick the leader from the alive assigned replicas:  (kafka.controller.OfflinePartitionLeaderSelector)
[2016-07-08 07:41:07,543] INFO [Partition state machine on Controller 0]: Started partition state machine with initial state -> Map([page_views,0] -> OfflinePartition, [page_views_logs_stream,0] -> OfflinePartition, [logs,0] -> OfflinePartition, [test,0] -> OfflinePartition, [page_view_logs_stream,0] -> OfflinePartition) (kafka.controller.PartitionStateMachine)
[2016-07-08 07:41:07,547] INFO [Controller 0]: Broker 0 is ready to serve as the new controller with epoch 18 (kafka.controller.KafkaController)
[2016-07-08 07:41:07,548] INFO [Controller 0]: Starting preferred replica leader election for partitions  (kafka.controller.KafkaController)
[2016-07-08 07:41:07,549] INFO [Partition state machine on Controller 0]: Invoking state change to OnlinePartition for partitions  (kafka.controller.PartitionStateMachine)
[2016-07-08 07:41:07,556] INFO [Controller 0]: starting the partition rebalance scheduler (kafka.controller.KafkaController)
[2016-07-08 07:41:07,557] INFO [Controller 0]: Controller startup complete (kafka.controller.KafkaController)
[2016-07-08 07:41:07,633] INFO [BrokerChangeListener on Controller 0]: Broker change listener fired for path /brokers/ids with children 0 (kafka.controller.ReplicaStateMachine$BrokerChangeListener)
[2016-07-08 07:41:07,652] INFO [BrokerChangeListener on Controller 0]: Newly added brokers: 0, deleted brokers: , all live brokers: 0 (kafka.controller.ReplicaStateMachine$BrokerChangeListener)
[2016-07-08 07:41:07,653] DEBUG [Channel manager on controller 0]: Controller 0 trying to connect to broker 0 (kafka.controller.ControllerChannelManager)
[2016-07-08 07:41:07,662] INFO [Controller-0-to-broker-0-send-thread], Starting  (kafka.controller.RequestSendThread)
[2016-07-08 07:41:07,662] INFO [Controller 0]: New broker startup callback for 0 (kafka.controller.KafkaController)
[2016-07-08 07:41:07,686] INFO [Replica state machine on controller 0]: Invoking state change to OnlineReplica for replicas [Topic=test,Partition=0,Replica=0],[Topic=logs,Partition=0,Replica=0],[Topic=page_view_logs_stream,Partition=0,Replica=0],[Topic=page_views_logs_stream,Partition=0,Replica=0],[Topic=page_views,Partition=0,Replica=0] (kafka.controller.ReplicaStateMachine)
[2016-07-08 07:41:07,692] INFO [Controller-0-to-broker-0-send-thread], Controller 0 connected to quickstart.cloudera:9092 (id: 0 rack: null) for sending state change requests (kafka.controller.RequestSendThread)
[2016-07-08 07:41:07,712] DEBUG [OfflinePartitionLeaderSelector]: Some broker in ISR is alive for [page_views,0]. Select 0 from ISR 0 to be the leader. (kafka.controller.OfflinePartitionLeaderSelector)
[2016-07-08 07:41:07,713] INFO [OfflinePartitionLeaderSelector]: Selected new leader and ISR {"leader":0,"leader_epoch":7,"isr":[0]} for offline partition [page_views,0] (kafka.controller.OfflinePartitionLeaderSelector)
[2016-07-08 07:41:07,718] DEBUG [Partition state machine on Controller 0]: After leader election, leader cache is updated to Map([page_views,0] -> (Leader:0,ISR:0,LeaderEpoch:7,ControllerEpoch:18), [page_views_logs_stream,0] -> (Leader:0,ISR:0,LeaderEpoch:3,ControllerEpoch:17), [logs,0] -> (Leader:0,ISR:0,LeaderEpoch:3,ControllerEpoch:17), [test,0] -> (Leader:0,ISR:0,LeaderEpoch:16,ControllerEpoch:17), [page_view_logs_stream,0] -> (Leader:0,ISR:0,LeaderEpoch:3,ControllerEpoch:17)) (kafka.controller.PartitionStateMachine)
[2016-07-08 07:41:07,723] DEBUG [OfflinePartitionLeaderSelector]: Some broker in ISR is alive for [page_views_logs_stream,0]. Select 0 from ISR 0 to be the leader. (kafka.controller.OfflinePartitionLeaderSelector)
[2016-07-08 07:41:07,723] INFO [OfflinePartitionLeaderSelector]: Selected new leader and ISR {"leader":0,"leader_epoch":4,"isr":[0]} for offline partition [page_views_logs_stream,0] (kafka.controller.OfflinePartitionLeaderSelector)
[2016-07-08 07:41:07,726] DEBUG [Partition state machine on Controller 0]: After leader election, leader cache is updated to Map([page_views,0] -> (Leader:0,ISR:0,LeaderEpoch:7,ControllerEpoch:18), [page_views_logs_stream,0] -> (Leader:0,ISR:0,LeaderEpoch:4,ControllerEpoch:18), [logs,0] -> (Leader:0,ISR:0,LeaderEpoch:3,ControllerEpoch:17), [test,0] -> (Leader:0,ISR:0,LeaderEpoch:16,ControllerEpoch:17), [page_view_logs_stream,0] -> (Leader:0,ISR:0,LeaderEpoch:3,ControllerEpoch:17)) (kafka.controller.PartitionStateMachine)
[2016-07-08 07:41:07,730] DEBUG [OfflinePartitionLeaderSelector]: Some broker in ISR is alive for [logs,0]. Select 0 from ISR 0 to be the leader. (kafka.controller.OfflinePartitionLeaderSelector)
[2016-07-08 07:41:07,731] INFO [OfflinePartitionLeaderSelector]: Selected new leader and ISR {"leader":0,"leader_epoch":4,"isr":[0]} for offline partition [logs,0] (kafka.controller.OfflinePartitionLeaderSelector)
[2016-07-08 07:41:07,733] DEBUG [Partition state machine on Controller 0]: After leader election, leader cache is updated to Map([page_views,0] -> (Leader:0,ISR:0,LeaderEpoch:7,ControllerEpoch:18), [page_views_logs_stream,0] -> (Leader:0,ISR:0,LeaderEpoch:4,ControllerEpoch:18), [logs,0] -> (Leader:0,ISR:0,LeaderEpoch:4,ControllerEpoch:18), [test,0] -> (Leader:0,ISR:0,LeaderEpoch:16,ControllerEpoch:17), [page_view_logs_stream,0] -> (Leader:0,ISR:0,LeaderEpoch:3,ControllerEpoch:17)) (kafka.controller.PartitionStateMachine)
[2016-07-08 07:41:07,738] DEBUG [OfflinePartitionLeaderSelector]: Some broker in ISR is alive for [test,0]. Select 0 from ISR 0 to be the leader. (kafka.controller.OfflinePartitionLeaderSelector)
[2016-07-08 07:41:07,738] INFO [OfflinePartitionLeaderSelector]: Selected new leader and ISR {"leader":0,"leader_epoch":17,"isr":[0]} for offline partition [test,0] (kafka.controller.OfflinePartitionLeaderSelector)
[2016-07-08 07:41:07,741] DEBUG [Partition state machine on Controller 0]: After leader election, leader cache is updated to Map([page_views,0] -> (Leader:0,ISR:0,LeaderEpoch:7,ControllerEpoch:18), [page_views_logs_stream,0] -> (Leader:0,ISR:0,LeaderEpoch:4,ControllerEpoch:18), [logs,0] -> (Leader:0,ISR:0,LeaderEpoch:4,ControllerEpoch:18), [test,0] -> (Leader:0,ISR:0,LeaderEpoch:17,ControllerEpoch:18), [page_view_logs_stream,0] -> (Leader:0,ISR:0,LeaderEpoch:3,ControllerEpoch:17)) (kafka.controller.PartitionStateMachine)
[2016-07-08 07:41:07,745] DEBUG [OfflinePartitionLeaderSelector]: Some broker in ISR is alive for [page_view_logs_stream,0]. Select 0 from ISR 0 to be the leader. (kafka.controller.OfflinePartitionLeaderSelector)
[2016-07-08 07:41:07,745] INFO [OfflinePartitionLeaderSelector]: Selected new leader and ISR {"leader":0,"leader_epoch":4,"isr":[0]} for offline partition [page_view_logs_stream,0] (kafka.controller.OfflinePartitionLeaderSelector)
[2016-07-08 07:41:07,747] DEBUG [Partition state machine on Controller 0]: After leader election, leader cache is updated to Map([page_views,0] -> (Leader:0,ISR:0,LeaderEpoch:7,ControllerEpoch:18), [page_views_logs_stream,0] -> (Leader:0,ISR:0,LeaderEpoch:4,ControllerEpoch:18), [logs,0] -> (Leader:0,ISR:0,LeaderEpoch:4,ControllerEpoch:18), [test,0] -> (Leader:0,ISR:0,LeaderEpoch:17,ControllerEpoch:18), [page_view_logs_stream,0] -> (Leader:0,ISR:0,LeaderEpoch:4,ControllerEpoch:18)) (kafka.controller.PartitionStateMachine)
[2016-07-08 07:41:12,558] TRACE [Controller 0]: checking need to trigger partition rebalance (kafka.controller.KafkaController)
[2016-07-08 07:41:12,561] DEBUG [Controller 0]: preferred replicas by broker Map(0 -> Map([page_views,0] -> List(0), [page_views_logs_stream,0] -> List(0), [logs,0] -> List(0), [test,0] -> List(0), [page_view_logs_stream,0] -> List(0))) (kafka.controller.KafkaController)
[2016-07-08 07:41:12,562] DEBUG [Controller 0]: topics not in preferred replica Map() (kafka.controller.KafkaController)
[2016-07-08 07:41:12,564] TRACE [Controller 0]: leader imbalance ratio for broker 0 is 0.000000 (kafka.controller.KafkaController)
[2016-07-08 07:45:50,281] INFO [Controller 0]: Shutting down broker 0 (kafka.controller.KafkaController)
[2016-07-08 07:45:50,282] DEBUG [Controller 0]: All shutting down brokers: 0 (kafka.controller.KafkaController)
[2016-07-08 07:45:50,283] DEBUG [Controller 0]: Live brokers:  (kafka.controller.KafkaController)
[2016-07-08 07:45:50,286] TRACE [Controller 0]: All leaders = [page_views,0] -> (Leader:0,ISR:0,LeaderEpoch:7,ControllerEpoch:18),[page_views_logs_stream,0] -> (Leader:0,ISR:0,LeaderEpoch:4,ControllerEpoch:18),[logs,0] -> (Leader:0,ISR:0,LeaderEpoch:4,ControllerEpoch:18),[page_view_logs_stream,0] -> (Leader:0,ISR:0,LeaderEpoch:4,ControllerEpoch:18),[test,0] -> (Leader:0,ISR:0,LeaderEpoch:17,ControllerEpoch:18) (kafka.controller.KafkaController)
[2016-07-08 07:45:52,077] DEBUG [Controller 0]: Controller resigning, broker id 0 (kafka.controller.KafkaController)
[2016-07-08 07:45:52,078] DEBUG [Controller 0]: De-registering IsrChangeNotificationListener (kafka.controller.KafkaController)
[2016-07-08 07:45:52,080] INFO [Partition state machine on Controller 0]: Stopped partition state machine (kafka.controller.PartitionStateMachine)
[2016-07-08 07:45:52,080] INFO [Replica state machine on controller 0]: Stopped replica state machine (kafka.controller.ReplicaStateMachine)
[2016-07-08 07:45:52,082] INFO [Controller-0-to-broker-0-send-thread], Shutting down (kafka.controller.RequestSendThread)
[2016-07-08 07:45:52,082] INFO [Controller-0-to-broker-0-send-thread], Stopped  (kafka.controller.RequestSendThread)
[2016-07-08 07:45:52,082] INFO [Controller-0-to-broker-0-send-thread], Shutdown completed (kafka.controller.RequestSendThread)
[2016-07-08 07:45:52,082] INFO [Controller 0]: Broker 0 resigned as the controller (kafka.controller.KafkaController)
