[2016-07-08 07:34:04,915] INFO Creating /controller (is it secure? false) (kafka.utils.ZKCheckedEphemeral)
[2016-07-08 07:34:04,917] INFO Result of znode creation is: OK (kafka.utils.ZKCheckedEphemeral)
[2016-07-08 07:34:04,917] INFO 0 successfully elected as leader (kafka.server.ZookeeperLeaderElector)
[2016-07-08 07:34:04,982] INFO re-registering broker info in ZK for broker 0 (kafka.server.KafkaHealthcheck$SessionExpireListener)
[2016-07-08 07:34:04,983] INFO Creating /brokers/ids/0 (is it secure? false) (kafka.utils.ZKCheckedEphemeral)
[2016-07-08 07:34:04,984] INFO Result of znode creation is: OK (kafka.utils.ZKCheckedEphemeral)
[2016-07-08 07:34:04,985] INFO Registered broker 0 at path /brokers/ids/0 with addresses: PLAINTEXT -> EndPoint(quickstart.cloudera,9092,PLAINTEXT) (kafka.utils.ZkUtils)
[2016-07-08 07:34:04,985] INFO done re-registering broker (kafka.server.KafkaHealthcheck$SessionExpireListener)
[2016-07-08 07:34:04,985] INFO Subscribing to /brokers/topics path to watch for new topics (kafka.server.KafkaHealthcheck$SessionExpireListener)
[2016-07-08 07:34:05,051] INFO [ReplicaFetcherManager on broker 0] Removed fetcher for partitions [page_views,0],[test,0],[logs,0],[page_views_logs_stream,0],[page_view_logs_stream,0] (kafka.server.ReplicaFetcherManager)
[2016-07-08 07:34:05,079] INFO New leader is 0 (kafka.server.ZookeeperLeaderElector$LeaderChangeListener)
[2016-07-08 07:37:41,829] INFO [Group Metadata Manager on Broker 0]: Removed 0 expired offsets in 1 milliseconds. (kafka.coordinator.GroupMetadataManager)
[2016-07-08 07:40:53,387] INFO [Kafka Server 0], shutting down (kafka.server.KafkaServer)
[2016-07-08 07:40:53,389] INFO [Kafka Server 0], Starting controlled shutdown (kafka.server.KafkaServer)
[2016-07-08 07:40:53,424] INFO [Kafka Server 0], Controlled shutdown succeeded (kafka.server.KafkaServer)
[2016-07-08 07:40:53,426] INFO [Socket Server on Broker 0], Shutting down (kafka.network.SocketServer)
[2016-07-08 07:40:53,433] INFO [Socket Server on Broker 0], Shutdown completed (kafka.network.SocketServer)
[2016-07-08 07:40:53,434] INFO [Kafka Request Handler on Broker 0], shutting down (kafka.server.KafkaRequestHandlerPool)
[2016-07-08 07:40:53,436] INFO [Kafka Request Handler on Broker 0], shut down completely (kafka.server.KafkaRequestHandlerPool)
[2016-07-08 07:40:53,439] INFO [ThrottledRequestReaper-Produce], Shutting down (kafka.server.ClientQuotaManager$ThrottledRequestReaper)
[2016-07-08 07:40:53,842] INFO [ThrottledRequestReaper-Produce], Stopped  (kafka.server.ClientQuotaManager$ThrottledRequestReaper)
[2016-07-08 07:40:53,842] INFO [ThrottledRequestReaper-Produce], Shutdown completed (kafka.server.ClientQuotaManager$ThrottledRequestReaper)
[2016-07-08 07:40:53,843] INFO [ThrottledRequestReaper-Fetch], Shutting down (kafka.server.ClientQuotaManager$ThrottledRequestReaper)
[2016-07-08 07:40:54,823] INFO [ThrottledRequestReaper-Fetch], Stopped  (kafka.server.ClientQuotaManager$ThrottledRequestReaper)
[2016-07-08 07:40:54,824] INFO [ThrottledRequestReaper-Fetch], Shutdown completed (kafka.server.ClientQuotaManager$ThrottledRequestReaper)
[2016-07-08 07:40:54,825] INFO [KafkaApi-0] Shutdown complete. (kafka.server.KafkaApis)
[2016-07-08 07:40:54,827] INFO [Replica Manager on Broker 0]: Shutting down (kafka.server.ReplicaManager)
[2016-07-08 07:40:54,827] INFO [ReplicaFetcherManager on broker 0] shutting down (kafka.server.ReplicaFetcherManager)
[2016-07-08 07:40:54,828] INFO [ReplicaFetcherManager on broker 0] shutdown completed (kafka.server.ReplicaFetcherManager)
[2016-07-08 07:40:54,829] INFO [ExpirationReaper-0], Shutting down (kafka.server.DelayedOperationPurgatory$ExpiredOperationReaper)
[2016-07-08 07:40:54,987] INFO [ExpirationReaper-0], Stopped  (kafka.server.DelayedOperationPurgatory$ExpiredOperationReaper)
[2016-07-08 07:40:54,987] INFO [ExpirationReaper-0], Shutdown completed (kafka.server.DelayedOperationPurgatory$ExpiredOperationReaper)
[2016-07-08 07:40:54,988] INFO [ExpirationReaper-0], Shutting down (kafka.server.DelayedOperationPurgatory$ExpiredOperationReaper)
[2016-07-08 07:40:55,157] INFO [ExpirationReaper-0], Stopped  (kafka.server.DelayedOperationPurgatory$ExpiredOperationReaper)
[2016-07-08 07:40:55,157] INFO [ExpirationReaper-0], Shutdown completed (kafka.server.DelayedOperationPurgatory$ExpiredOperationReaper)
[2016-07-08 07:40:55,160] INFO [Replica Manager on Broker 0]: Shut down completely (kafka.server.ReplicaManager)
[2016-07-08 07:40:55,160] INFO Shutting down. (kafka.log.LogManager)
[2016-07-08 07:40:55,175] INFO Shutdown complete. (kafka.log.LogManager)
[2016-07-08 07:40:55,176] INFO [GroupCoordinator 0]: Shutting down. (kafka.coordinator.GroupCoordinator)
[2016-07-08 07:40:55,176] INFO [ExpirationReaper-0], Shutting down (kafka.server.DelayedOperationPurgatory$ExpiredOperationReaper)
[2016-07-08 07:40:55,198] INFO [ExpirationReaper-0], Stopped  (kafka.server.DelayedOperationPurgatory$ExpiredOperationReaper)
[2016-07-08 07:40:55,198] INFO [ExpirationReaper-0], Shutdown completed (kafka.server.DelayedOperationPurgatory$ExpiredOperationReaper)
[2016-07-08 07:40:55,198] INFO [ExpirationReaper-0], Shutting down (kafka.server.DelayedOperationPurgatory$ExpiredOperationReaper)
[2016-07-08 07:40:55,398] INFO [ExpirationReaper-0], Stopped  (kafka.server.DelayedOperationPurgatory$ExpiredOperationReaper)
[2016-07-08 07:40:55,398] INFO [ExpirationReaper-0], Shutdown completed (kafka.server.DelayedOperationPurgatory$ExpiredOperationReaper)
[2016-07-08 07:40:55,399] INFO [GroupCoordinator 0]: Shutdown complete. (kafka.coordinator.GroupCoordinator)
[2016-07-08 07:40:55,407] INFO [Kafka Server 0], shut down completed (kafka.server.KafkaServer)
[2016-07-08 07:41:06,702] INFO KafkaConfig values: 
	request.timeout.ms = 30000
	log.roll.hours = 168
	inter.broker.protocol.version = 0.10.0-IV1
	log.preallocate = false
	security.inter.broker.protocol = PLAINTEXT
	controller.socket.timeout.ms = 30000
	broker.id.generation.enable = true
	ssl.keymanager.algorithm = SunX509
	ssl.key.password = null
	log.cleaner.enable = true
	ssl.provider = null
	num.recovery.threads.per.data.dir = 1
	background.threads = 10
	unclean.leader.election.enable = true
	sasl.kerberos.kinit.cmd = /usr/bin/kinit
	replica.lag.time.max.ms = 10000
	ssl.endpoint.identification.algorithm = null
	sasl.mechanism.inter.broker.protocol = GSSAPI
	auto.create.topics.enable = true
	log.message.timestamp.difference.max.ms = 9223372036854775807
	zookeeper.sync.time.ms = 2000
	ssl.client.auth = none
	ssl.keystore.password = null
	offsets.topic.compression.codec = 0
	log.cleaner.io.buffer.load.factor = 0.9
	log.retention.hours = 168
	log.dirs = /tmp/kafka-logs
	ssl.protocol = TLS
	log.index.size.max.bytes = 10485760
	sasl.kerberos.min.time.before.relogin = 60000
	broker.rack = null
	log.retention.minutes = null
	connections.max.idle.ms = 600000
	ssl.trustmanager.algorithm = PKIX
	offsets.retention.minutes = 1440
	max.connections.per.ip = 2147483647
	replica.fetch.wait.max.ms = 500
	log.message.timestamp.type = CreateTime
	metrics.num.samples = 2
	port = 9092
	offsets.retention.check.interval.ms = 600000
	log.cleaner.dedupe.buffer.size = 134217728
	log.segment.bytes = 1073741824
	group.min.session.timeout.ms = 6000
	producer.purgatory.purge.interval.requests = 1000
	min.insync.replicas = 1
	ssl.truststore.password = null
	socket.receive.buffer.bytes = 102400
	log.flush.scheduler.interval.ms = 9223372036854775807
	num.io.threads = 8
	leader.imbalance.per.broker.percentage = 10
	zookeeper.connect = localhost:2181
	queued.max.requests = 500
	offsets.topic.replication.factor = 3
	replica.socket.timeout.ms = 30000
	offsets.topic.segment.bytes = 104857600
	replica.high.watermark.checkpoint.interval.ms = 5000
	broker.id = 0
	ssl.keystore.location = null
	listeners = null
	log.flush.interval.messages = 9223372036854775807
	principal.builder.class = class org.apache.kafka.common.security.auth.DefaultPrincipalBuilder
	log.retention.ms = null
	offsets.commit.required.acks = -1
	sasl.kerberos.principal.to.local.rules = [DEFAULT]
	group.max.session.timeout.ms = 300000
	num.replica.fetchers = 1
	advertised.listeners = null
	replica.socket.receive.buffer.bytes = 65536
	delete.topic.enable = false
	log.index.interval.bytes = 4096
	metric.reporters = []
	compression.type = producer
	log.cleanup.policy = delete
	log.message.format.version = 0.10.0-IV1
	controlled.shutdown.max.retries = 3
	log.cleaner.threads = 1
	quota.window.size.seconds = 1
	zookeeper.connection.timeout.ms = 6000
	offsets.load.buffer.size = 5242880
	zookeeper.session.timeout.ms = 6000
	ssl.cipher.suites = null
	authorizer.class.name = 
	sasl.kerberos.ticket.renew.jitter = 0.05
	sasl.enabled.mechanisms = [GSSAPI]
	sasl.kerberos.service.name = null
	controlled.shutdown.enable = true
	offsets.topic.num.partitions = 50
	quota.window.num = 11
	message.max.bytes = 1000012
	log.cleaner.backoff.ms = 15000
	log.roll.jitter.hours = 0
	log.retention.check.interval.ms = 300000
	replica.fetch.max.bytes = 1048576
	log.cleaner.delete.retention.ms = 86400000
	fetch.purgatory.purge.interval.requests = 1000
	log.cleaner.min.cleanable.ratio = 0.5
	offsets.commit.timeout.ms = 5000
	zookeeper.set.acl = false
	log.retention.bytes = -1
	offset.metadata.max.bytes = 4096
	leader.imbalance.check.interval.seconds = 300
	quota.consumer.default = 9223372036854775807
	log.roll.jitter.ms = null
	reserved.broker.max.id = 1000
	replica.fetch.backoff.ms = 1000
	advertised.host.name = null
	quota.producer.default = 9223372036854775807
	log.cleaner.io.buffer.size = 524288
	controlled.shutdown.retry.backoff.ms = 5000
	log.dir = /tmp/kafka-logs
	log.flush.offset.checkpoint.interval.ms = 60000
	log.segment.delete.delay.ms = 60000
	num.partitions = 1
	num.network.threads = 3
	socket.request.max.bytes = 104857600
	sasl.kerberos.ticket.renew.window.factor = 0.8
	log.roll.ms = null
	ssl.enabled.protocols = [TLSv1.2, TLSv1.1, TLSv1]
	socket.send.buffer.bytes = 102400
	log.flush.interval.ms = null
	ssl.truststore.location = null
	log.cleaner.io.max.bytes.per.second = 1.7976931348623157E308
	default.replication.factor = 1
	metrics.sample.window.ms = 30000
	auto.leader.rebalance.enable = true
	host.name = 
	ssl.truststore.type = JKS
	advertised.port = null
	max.connections.per.ip.overrides = 
	replica.fetch.min.bytes = 1
	ssl.keystore.type = JKS
 (kafka.server.KafkaConfig)
[2016-07-08 07:41:06,762] INFO starting (kafka.server.KafkaServer)
[2016-07-08 07:41:06,769] INFO Connecting to zookeeper on localhost:2181 (kafka.server.KafkaServer)
[2016-07-08 07:41:07,023] INFO Loading logs. (kafka.log.LogManager)
[2016-07-08 07:41:07,069] INFO Completed load of log page_view_logs_stream-0 with log end offset 53610 (kafka.log.Log)
[2016-07-08 07:41:07,085] INFO Completed load of log page_views-0 with log end offset 3093906 (kafka.log.Log)
[2016-07-08 07:41:07,091] INFO Completed load of log test-0 with log end offset 47 (kafka.log.Log)
[2016-07-08 07:41:07,094] INFO Completed load of log logs-0 with log end offset 0 (kafka.log.Log)
[2016-07-08 07:41:07,108] INFO Completed load of log page_views_logs_stream-0 with log end offset 53610 (kafka.log.Log)
[2016-07-08 07:41:07,112] INFO Logs loading complete. (kafka.log.LogManager)
[2016-07-08 07:41:07,185] INFO Starting log cleanup with a period of 300000 ms. (kafka.log.LogManager)
[2016-07-08 07:41:07,187] INFO Starting log flusher with a default period of 9223372036854775807 ms. (kafka.log.LogManager)
[2016-07-08 07:41:07,244] INFO Awaiting socket connections on 0.0.0.0:9092. (kafka.network.Acceptor)
[2016-07-08 07:41:07,247] INFO [Socket Server on Broker 0], Started 1 acceptor threads (kafka.network.SocketServer)
[2016-07-08 07:41:07,264] INFO [ExpirationReaper-0], Starting  (kafka.server.DelayedOperationPurgatory$ExpiredOperationReaper)
[2016-07-08 07:41:07,265] INFO [ExpirationReaper-0], Starting  (kafka.server.DelayedOperationPurgatory$ExpiredOperationReaper)
[2016-07-08 07:41:07,301] INFO Creating /controller (is it secure? false) (kafka.utils.ZKCheckedEphemeral)
[2016-07-08 07:41:07,307] INFO Result of znode creation is: OK (kafka.utils.ZKCheckedEphemeral)
[2016-07-08 07:41:07,308] INFO 0 successfully elected as leader (kafka.server.ZookeeperLeaderElector)
[2016-07-08 07:41:07,566] INFO New leader is 0 (kafka.server.ZookeeperLeaderElector$LeaderChangeListener)
[2016-07-08 07:41:07,567] INFO [ExpirationReaper-0], Starting  (kafka.server.DelayedOperationPurgatory$ExpiredOperationReaper)
[2016-07-08 07:41:07,567] INFO [ExpirationReaper-0], Starting  (kafka.server.DelayedOperationPurgatory$ExpiredOperationReaper)
[2016-07-08 07:41:07,577] INFO [GroupCoordinator 0]: Starting up. (kafka.coordinator.GroupCoordinator)
[2016-07-08 07:41:07,578] INFO [GroupCoordinator 0]: Startup complete. (kafka.coordinator.GroupCoordinator)
[2016-07-08 07:41:07,582] INFO [Group Metadata Manager on Broker 0]: Removed 0 expired offsets in 8 milliseconds. (kafka.coordinator.GroupMetadataManager)
[2016-07-08 07:41:07,593] INFO [ThrottledRequestReaper-Produce], Starting  (kafka.server.ClientQuotaManager$ThrottledRequestReaper)
[2016-07-08 07:41:07,596] INFO [ThrottledRequestReaper-Fetch], Starting  (kafka.server.ClientQuotaManager$ThrottledRequestReaper)
[2016-07-08 07:41:07,611] INFO Will not load MX4J, mx4j-tools.jar is not in the classpath (kafka.utils.Mx4jLoader$)
[2016-07-08 07:41:07,630] INFO Creating /brokers/ids/0 (is it secure? false) (kafka.utils.ZKCheckedEphemeral)
[2016-07-08 07:41:07,632] INFO Result of znode creation is: OK (kafka.utils.ZKCheckedEphemeral)
[2016-07-08 07:41:07,634] INFO Registered broker 0 at path /brokers/ids/0 with addresses: PLAINTEXT -> EndPoint(quickstart.cloudera,9092,PLAINTEXT) (kafka.utils.ZkUtils)
[2016-07-08 07:41:07,642] INFO [Kafka Server 0], started (kafka.server.KafkaServer)
[2016-07-08 07:41:07,801] INFO [ReplicaFetcherManager on broker 0] Removed fetcher for partitions [page_views,0],[test,0],[logs,0],[page_views_logs_stream,0],[page_view_logs_stream,0] (kafka.server.ReplicaFetcherManager)
[2016-07-08 07:41:07,848] INFO [ReplicaFetcherManager on broker 0] Removed fetcher for partitions [page_views,0],[test,0],[logs,0],[page_views_logs_stream,0],[page_view_logs_stream,0] (kafka.server.ReplicaFetcherManager)
[2016-07-08 07:45:50,264] INFO [Kafka Server 0], shutting down (kafka.server.KafkaServer)
[2016-07-08 07:45:50,265] INFO [Kafka Server 0], Starting controlled shutdown (kafka.server.KafkaServer)
[2016-07-08 07:45:50,291] INFO [Kafka Server 0], Controlled shutdown succeeded (kafka.server.KafkaServer)
[2016-07-08 07:45:50,293] INFO [Socket Server on Broker 0], Shutting down (kafka.network.SocketServer)
[2016-07-08 07:45:50,302] INFO [Socket Server on Broker 0], Shutdown completed (kafka.network.SocketServer)
[2016-07-08 07:45:50,304] INFO [Kafka Request Handler on Broker 0], shutting down (kafka.server.KafkaRequestHandlerPool)
[2016-07-08 07:45:50,305] INFO [Kafka Request Handler on Broker 0], shut down completely (kafka.server.KafkaRequestHandlerPool)
[2016-07-08 07:45:50,308] INFO [ThrottledRequestReaper-Produce], Shutting down (kafka.server.ClientQuotaManager$ThrottledRequestReaper)
[2016-07-08 07:45:50,698] INFO [ThrottledRequestReaper-Produce], Stopped  (kafka.server.ClientQuotaManager$ThrottledRequestReaper)
[2016-07-08 07:45:50,698] INFO [ThrottledRequestReaper-Produce], Shutdown completed (kafka.server.ClientQuotaManager$ThrottledRequestReaper)
[2016-07-08 07:45:50,699] INFO [ThrottledRequestReaper-Fetch], Shutting down (kafka.server.ClientQuotaManager$ThrottledRequestReaper)
[2016-07-08 07:45:51,692] INFO [ThrottledRequestReaper-Fetch], Stopped  (kafka.server.ClientQuotaManager$ThrottledRequestReaper)
[2016-07-08 07:45:51,693] INFO [ThrottledRequestReaper-Fetch], Shutdown completed (kafka.server.ClientQuotaManager$ThrottledRequestReaper)
[2016-07-08 07:45:51,694] INFO [KafkaApi-0] Shutdown complete. (kafka.server.KafkaApis)
[2016-07-08 07:45:51,696] INFO [Replica Manager on Broker 0]: Shutting down (kafka.server.ReplicaManager)
[2016-07-08 07:45:51,696] INFO [ReplicaFetcherManager on broker 0] shutting down (kafka.server.ReplicaFetcherManager)
[2016-07-08 07:45:51,697] INFO [ReplicaFetcherManager on broker 0] shutdown completed (kafka.server.ReplicaFetcherManager)
[2016-07-08 07:45:51,698] INFO [ExpirationReaper-0], Shutting down (kafka.server.DelayedOperationPurgatory$ExpiredOperationReaper)
[2016-07-08 07:45:51,708] INFO [ExpirationReaper-0], Stopped  (kafka.server.DelayedOperationPurgatory$ExpiredOperationReaper)
[2016-07-08 07:45:51,708] INFO [ExpirationReaper-0], Shutdown completed (kafka.server.DelayedOperationPurgatory$ExpiredOperationReaper)
[2016-07-08 07:45:51,709] INFO [ExpirationReaper-0], Shutting down (kafka.server.DelayedOperationPurgatory$ExpiredOperationReaper)
[2016-07-08 07:45:51,812] INFO [ExpirationReaper-0], Stopped  (kafka.server.DelayedOperationPurgatory$ExpiredOperationReaper)
[2016-07-08 07:45:51,812] INFO [ExpirationReaper-0], Shutdown completed (kafka.server.DelayedOperationPurgatory$ExpiredOperationReaper)
[2016-07-08 07:45:51,823] INFO [Replica Manager on Broker 0]: Shut down completely (kafka.server.ReplicaManager)
[2016-07-08 07:45:51,824] INFO Shutting down. (kafka.log.LogManager)
[2016-07-08 07:45:51,871] INFO Shutdown complete. (kafka.log.LogManager)
[2016-07-08 07:45:51,872] INFO [GroupCoordinator 0]: Shutting down. (kafka.coordinator.GroupCoordinator)
[2016-07-08 07:45:51,872] INFO [ExpirationReaper-0], Shutting down (kafka.server.DelayedOperationPurgatory$ExpiredOperationReaper)
[2016-07-08 07:45:52,068] INFO [ExpirationReaper-0], Stopped  (kafka.server.DelayedOperationPurgatory$ExpiredOperationReaper)
[2016-07-08 07:45:52,068] INFO [ExpirationReaper-0], Shutdown completed (kafka.server.DelayedOperationPurgatory$ExpiredOperationReaper)
[2016-07-08 07:45:52,069] INFO [ExpirationReaper-0], Shutting down (kafka.server.DelayedOperationPurgatory$ExpiredOperationReaper)
[2016-07-08 07:45:52,075] INFO [ExpirationReaper-0], Stopped  (kafka.server.DelayedOperationPurgatory$ExpiredOperationReaper)
[2016-07-08 07:45:52,075] INFO [ExpirationReaper-0], Shutdown completed (kafka.server.DelayedOperationPurgatory$ExpiredOperationReaper)
[2016-07-08 07:45:52,076] INFO [GroupCoordinator 0]: Shutdown complete. (kafka.coordinator.GroupCoordinator)
[2016-07-08 07:45:52,087] INFO [Kafka Server 0], shut down completed (kafka.server.KafkaServer)
