[2016-07-08 07:34:04,952] TRACE Controller 0 epoch 17 started leader election for partition [page_views,0] (state.change.logger)
[2016-07-08 07:34:04,957] ERROR Controller 0 epoch 17 initiated state change for partition [page_views,0] from OfflinePartition to OnlinePartition failed (state.change.logger)
kafka.common.NoReplicaOnlineException: No replica for partition [page_views,0] is alive. Live brokers are: [Set()], Assigned replicas are: [List(0)]
	at kafka.controller.OfflinePartitionLeaderSelector.selectLeader(PartitionLeaderSelector.scala:75)
	at kafka.controller.PartitionStateMachine.electLeaderForPartition(PartitionStateMachine.scala:345)
	at kafka.controller.PartitionStateMachine.kafka$controller$PartitionStateMachine$$handleStateChange(PartitionStateMachine.scala:205)
	at kafka.controller.PartitionStateMachine$$anonfun$triggerOnlinePartitionStateChange$3.apply(PartitionStateMachine.scala:120)
	at kafka.controller.PartitionStateMachine$$anonfun$triggerOnlinePartitionStateChange$3.apply(PartitionStateMachine.scala:117)
	at scala.collection.TraversableLike$WithFilter$$anonfun$foreach$1.apply(TraversableLike.scala:733)
	at scala.collection.mutable.HashMap$$anonfun$foreach$1.apply(HashMap.scala:99)
	at scala.collection.mutable.HashMap$$anonfun$foreach$1.apply(HashMap.scala:99)
	at scala.collection.mutable.HashTable$class.foreachEntry(HashTable.scala:230)
	at scala.collection.mutable.HashMap.foreachEntry(HashMap.scala:40)
	at scala.collection.mutable.HashMap.foreach(HashMap.scala:99)
	at scala.collection.TraversableLike$WithFilter.foreach(TraversableLike.scala:732)
	at kafka.controller.PartitionStateMachine.triggerOnlinePartitionStateChange(PartitionStateMachine.scala:117)
	at kafka.controller.PartitionStateMachine.startup(PartitionStateMachine.scala:70)
	at kafka.controller.KafkaController.onControllerFailover(KafkaController.scala:335)
	at kafka.controller.KafkaController$$anonfun$1.apply$mcV$sp(KafkaController.scala:166)
	at kafka.server.ZookeeperLeaderElector.elect(ZookeeperLeaderElector.scala:84)
	at kafka.controller.KafkaController$SessionExpirationListener$$anonfun$handleNewSession$1.apply$mcZ$sp(KafkaController.scala:1175)
	at kafka.controller.KafkaController$SessionExpirationListener$$anonfun$handleNewSession$1.apply(KafkaController.scala:1173)
	at kafka.controller.KafkaController$SessionExpirationListener$$anonfun$handleNewSession$1.apply(KafkaController.scala:1173)
	at kafka.utils.CoreUtils$.inLock(CoreUtils.scala:231)
	at kafka.controller.KafkaController$SessionExpirationListener.handleNewSession(KafkaController.scala:1173)
	at org.I0Itec.zkclient.ZkClient$6.run(ZkClient.java:735)
	at org.I0Itec.zkclient.ZkEventThread.run(ZkEventThread.java:71)
[2016-07-08 07:34:04,958] TRACE Controller 0 epoch 17 started leader election for partition [page_views_logs_stream,0] (state.change.logger)
[2016-07-08 07:34:04,962] ERROR Controller 0 epoch 17 initiated state change for partition [page_views_logs_stream,0] from OfflinePartition to OnlinePartition failed (state.change.logger)
kafka.common.NoReplicaOnlineException: No replica for partition [page_views_logs_stream,0] is alive. Live brokers are: [Set()], Assigned replicas are: [List(0)]
	at kafka.controller.OfflinePartitionLeaderSelector.selectLeader(PartitionLeaderSelector.scala:75)
	at kafka.controller.PartitionStateMachine.electLeaderForPartition(PartitionStateMachine.scala:345)
	at kafka.controller.PartitionStateMachine.kafka$controller$PartitionStateMachine$$handleStateChange(PartitionStateMachine.scala:205)
	at kafka.controller.PartitionStateMachine$$anonfun$triggerOnlinePartitionStateChange$3.apply(PartitionStateMachine.scala:120)
	at kafka.controller.PartitionStateMachine$$anonfun$triggerOnlinePartitionStateChange$3.apply(PartitionStateMachine.scala:117)
	at scala.collection.TraversableLike$WithFilter$$anonfun$foreach$1.apply(TraversableLike.scala:733)
	at scala.collection.mutable.HashMap$$anonfun$foreach$1.apply(HashMap.scala:99)
	at scala.collection.mutable.HashMap$$anonfun$foreach$1.apply(HashMap.scala:99)
	at scala.collection.mutable.HashTable$class.foreachEntry(HashTable.scala:230)
	at scala.collection.mutable.HashMap.foreachEntry(HashMap.scala:40)
	at scala.collection.mutable.HashMap.foreach(HashMap.scala:99)
	at scala.collection.TraversableLike$WithFilter.foreach(TraversableLike.scala:732)
	at kafka.controller.PartitionStateMachine.triggerOnlinePartitionStateChange(PartitionStateMachine.scala:117)
	at kafka.controller.PartitionStateMachine.startup(PartitionStateMachine.scala:70)
	at kafka.controller.KafkaController.onControllerFailover(KafkaController.scala:335)
	at kafka.controller.KafkaController$$anonfun$1.apply$mcV$sp(KafkaController.scala:166)
	at kafka.server.ZookeeperLeaderElector.elect(ZookeeperLeaderElector.scala:84)
	at kafka.controller.KafkaController$SessionExpirationListener$$anonfun$handleNewSession$1.apply$mcZ$sp(KafkaController.scala:1175)
	at kafka.controller.KafkaController$SessionExpirationListener$$anonfun$handleNewSession$1.apply(KafkaController.scala:1173)
	at kafka.controller.KafkaController$SessionExpirationListener$$anonfun$handleNewSession$1.apply(KafkaController.scala:1173)
	at kafka.utils.CoreUtils$.inLock(CoreUtils.scala:231)
	at kafka.controller.KafkaController$SessionExpirationListener.handleNewSession(KafkaController.scala:1173)
	at org.I0Itec.zkclient.ZkClient$6.run(ZkClient.java:735)
	at org.I0Itec.zkclient.ZkEventThread.run(ZkEventThread.java:71)
[2016-07-08 07:34:04,963] TRACE Controller 0 epoch 17 started leader election for partition [logs,0] (state.change.logger)
[2016-07-08 07:34:04,967] ERROR Controller 0 epoch 17 initiated state change for partition [logs,0] from OfflinePartition to OnlinePartition failed (state.change.logger)
kafka.common.NoReplicaOnlineException: No replica for partition [logs,0] is alive. Live brokers are: [Set()], Assigned replicas are: [List(0)]
	at kafka.controller.OfflinePartitionLeaderSelector.selectLeader(PartitionLeaderSelector.scala:75)
	at kafka.controller.PartitionStateMachine.electLeaderForPartition(PartitionStateMachine.scala:345)
	at kafka.controller.PartitionStateMachine.kafka$controller$PartitionStateMachine$$handleStateChange(PartitionStateMachine.scala:205)
	at kafka.controller.PartitionStateMachine$$anonfun$triggerOnlinePartitionStateChange$3.apply(PartitionStateMachine.scala:120)
	at kafka.controller.PartitionStateMachine$$anonfun$triggerOnlinePartitionStateChange$3.apply(PartitionStateMachine.scala:117)
	at scala.collection.TraversableLike$WithFilter$$anonfun$foreach$1.apply(TraversableLike.scala:733)
	at scala.collection.mutable.HashMap$$anonfun$foreach$1.apply(HashMap.scala:99)
	at scala.collection.mutable.HashMap$$anonfun$foreach$1.apply(HashMap.scala:99)
	at scala.collection.mutable.HashTable$class.foreachEntry(HashTable.scala:230)
	at scala.collection.mutable.HashMap.foreachEntry(HashMap.scala:40)
	at scala.collection.mutable.HashMap.foreach(HashMap.scala:99)
	at scala.collection.TraversableLike$WithFilter.foreach(TraversableLike.scala:732)
	at kafka.controller.PartitionStateMachine.triggerOnlinePartitionStateChange(PartitionStateMachine.scala:117)
	at kafka.controller.PartitionStateMachine.startup(PartitionStateMachine.scala:70)
	at kafka.controller.KafkaController.onControllerFailover(KafkaController.scala:335)
	at kafka.controller.KafkaController$$anonfun$1.apply$mcV$sp(KafkaController.scala:166)
	at kafka.server.ZookeeperLeaderElector.elect(ZookeeperLeaderElector.scala:84)
	at kafka.controller.KafkaController$SessionExpirationListener$$anonfun$handleNewSession$1.apply$mcZ$sp(KafkaController.scala:1175)
	at kafka.controller.KafkaController$SessionExpirationListener$$anonfun$handleNewSession$1.apply(KafkaController.scala:1173)
	at kafka.controller.KafkaController$SessionExpirationListener$$anonfun$handleNewSession$1.apply(KafkaController.scala:1173)
	at kafka.utils.CoreUtils$.inLock(CoreUtils.scala:231)
	at kafka.controller.KafkaController$SessionExpirationListener.handleNewSession(KafkaController.scala:1173)
	at org.I0Itec.zkclient.ZkClient$6.run(ZkClient.java:735)
	at org.I0Itec.zkclient.ZkEventThread.run(ZkEventThread.java:71)
[2016-07-08 07:34:04,968] TRACE Controller 0 epoch 17 started leader election for partition [test,0] (state.change.logger)
[2016-07-08 07:34:04,972] ERROR Controller 0 epoch 17 initiated state change for partition [test,0] from OfflinePartition to OnlinePartition failed (state.change.logger)
kafka.common.NoReplicaOnlineException: No replica for partition [test,0] is alive. Live brokers are: [Set()], Assigned replicas are: [List(0)]
	at kafka.controller.OfflinePartitionLeaderSelector.selectLeader(PartitionLeaderSelector.scala:75)
	at kafka.controller.PartitionStateMachine.electLeaderForPartition(PartitionStateMachine.scala:345)
	at kafka.controller.PartitionStateMachine.kafka$controller$PartitionStateMachine$$handleStateChange(PartitionStateMachine.scala:205)
	at kafka.controller.PartitionStateMachine$$anonfun$triggerOnlinePartitionStateChange$3.apply(PartitionStateMachine.scala:120)
	at kafka.controller.PartitionStateMachine$$anonfun$triggerOnlinePartitionStateChange$3.apply(PartitionStateMachine.scala:117)
	at scala.collection.TraversableLike$WithFilter$$anonfun$foreach$1.apply(TraversableLike.scala:733)
	at scala.collection.mutable.HashMap$$anonfun$foreach$1.apply(HashMap.scala:99)
	at scala.collection.mutable.HashMap$$anonfun$foreach$1.apply(HashMap.scala:99)
	at scala.collection.mutable.HashTable$class.foreachEntry(HashTable.scala:230)
	at scala.collection.mutable.HashMap.foreachEntry(HashMap.scala:40)
	at scala.collection.mutable.HashMap.foreach(HashMap.scala:99)
	at scala.collection.TraversableLike$WithFilter.foreach(TraversableLike.scala:732)
	at kafka.controller.PartitionStateMachine.triggerOnlinePartitionStateChange(PartitionStateMachine.scala:117)
	at kafka.controller.PartitionStateMachine.startup(PartitionStateMachine.scala:70)
	at kafka.controller.KafkaController.onControllerFailover(KafkaController.scala:335)
	at kafka.controller.KafkaController$$anonfun$1.apply$mcV$sp(KafkaController.scala:166)
	at kafka.server.ZookeeperLeaderElector.elect(ZookeeperLeaderElector.scala:84)
	at kafka.controller.KafkaController$SessionExpirationListener$$anonfun$handleNewSession$1.apply$mcZ$sp(KafkaController.scala:1175)
	at kafka.controller.KafkaController$SessionExpirationListener$$anonfun$handleNewSession$1.apply(KafkaController.scala:1173)
	at kafka.controller.KafkaController$SessionExpirationListener$$anonfun$handleNewSession$1.apply(KafkaController.scala:1173)
	at kafka.utils.CoreUtils$.inLock(CoreUtils.scala:231)
	at kafka.controller.KafkaController$SessionExpirationListener.handleNewSession(KafkaController.scala:1173)
	at org.I0Itec.zkclient.ZkClient$6.run(ZkClient.java:735)
	at org.I0Itec.zkclient.ZkEventThread.run(ZkEventThread.java:71)
[2016-07-08 07:34:04,973] TRACE Controller 0 epoch 17 started leader election for partition [page_view_logs_stream,0] (state.change.logger)
[2016-07-08 07:34:04,977] ERROR Controller 0 epoch 17 initiated state change for partition [page_view_logs_stream,0] from OfflinePartition to OnlinePartition failed (state.change.logger)
kafka.common.NoReplicaOnlineException: No replica for partition [page_view_logs_stream,0] is alive. Live brokers are: [Set()], Assigned replicas are: [List(0)]
	at kafka.controller.OfflinePartitionLeaderSelector.selectLeader(PartitionLeaderSelector.scala:75)
	at kafka.controller.PartitionStateMachine.electLeaderForPartition(PartitionStateMachine.scala:345)
	at kafka.controller.PartitionStateMachine.kafka$controller$PartitionStateMachine$$handleStateChange(PartitionStateMachine.scala:205)
	at kafka.controller.PartitionStateMachine$$anonfun$triggerOnlinePartitionStateChange$3.apply(PartitionStateMachine.scala:120)
	at kafka.controller.PartitionStateMachine$$anonfun$triggerOnlinePartitionStateChange$3.apply(PartitionStateMachine.scala:117)
	at scala.collection.TraversableLike$WithFilter$$anonfun$foreach$1.apply(TraversableLike.scala:733)
	at scala.collection.mutable.HashMap$$anonfun$foreach$1.apply(HashMap.scala:99)
	at scala.collection.mutable.HashMap$$anonfun$foreach$1.apply(HashMap.scala:99)
	at scala.collection.mutable.HashTable$class.foreachEntry(HashTable.scala:230)
	at scala.collection.mutable.HashMap.foreachEntry(HashMap.scala:40)
	at scala.collection.mutable.HashMap.foreach(HashMap.scala:99)
	at scala.collection.TraversableLike$WithFilter.foreach(TraversableLike.scala:732)
	at kafka.controller.PartitionStateMachine.triggerOnlinePartitionStateChange(PartitionStateMachine.scala:117)
	at kafka.controller.PartitionStateMachine.startup(PartitionStateMachine.scala:70)
	at kafka.controller.KafkaController.onControllerFailover(KafkaController.scala:335)
	at kafka.controller.KafkaController$$anonfun$1.apply$mcV$sp(KafkaController.scala:166)
	at kafka.server.ZookeeperLeaderElector.elect(ZookeeperLeaderElector.scala:84)
	at kafka.controller.KafkaController$SessionExpirationListener$$anonfun$handleNewSession$1.apply$mcZ$sp(KafkaController.scala:1175)
	at kafka.controller.KafkaController$SessionExpirationListener$$anonfun$handleNewSession$1.apply(KafkaController.scala:1173)
	at kafka.controller.KafkaController$SessionExpirationListener$$anonfun$handleNewSession$1.apply(KafkaController.scala:1173)
	at kafka.utils.CoreUtils$.inLock(CoreUtils.scala:231)
	at kafka.controller.KafkaController$SessionExpirationListener.handleNewSession(KafkaController.scala:1173)
	at org.I0Itec.zkclient.ZkClient$6.run(ZkClient.java:735)
	at org.I0Itec.zkclient.ZkEventThread.run(ZkEventThread.java:71)
[2016-07-08 07:34:04,996] TRACE Controller 0 epoch 17 sending UpdateMetadata request (Leader:0,ISR:0,LeaderEpoch:15,ControllerEpoch:16) to broker 0 for partition test-0 (state.change.logger)
[2016-07-08 07:34:04,997] TRACE Controller 0 epoch 17 sending UpdateMetadata request (Leader:-2,ISR:0,LeaderEpoch:0,ControllerEpoch:16) to broker 0 for partition page_views-0 (state.change.logger)
[2016-07-08 07:34:04,997] TRACE Controller 0 epoch 17 sending UpdateMetadata request (Leader:0,ISR:0,LeaderEpoch:2,ControllerEpoch:16) to broker 0 for partition page_view_logs_stream-0 (state.change.logger)
[2016-07-08 07:34:04,999] TRACE Controller 0 epoch 17 sending UpdateMetadata request (Leader:0,ISR:0,LeaderEpoch:2,ControllerEpoch:16) to broker 0 for partition logs-0 (state.change.logger)
[2016-07-08 07:34:04,999] TRACE Controller 0 epoch 17 sending UpdateMetadata request (Leader:0,ISR:0,LeaderEpoch:2,ControllerEpoch:16) to broker 0 for partition page_views_logs_stream-0 (state.change.logger)
[2016-07-08 07:34:05,000] TRACE Controller 0 epoch 17 changed state of replica 0 for partition [test,0] from ReplicaDeletionIneligible to OnlineReplica (state.change.logger)
[2016-07-08 07:34:05,000] TRACE Controller 0 epoch 17 changed state of replica 0 for partition [logs,0] from ReplicaDeletionIneligible to OnlineReplica (state.change.logger)
[2016-07-08 07:34:05,001] TRACE Controller 0 epoch 17 changed state of replica 0 for partition [page_view_logs_stream,0] from ReplicaDeletionIneligible to OnlineReplica (state.change.logger)
[2016-07-08 07:34:05,001] TRACE Controller 0 epoch 17 changed state of replica 0 for partition [page_views_logs_stream,0] from ReplicaDeletionIneligible to OnlineReplica (state.change.logger)
[2016-07-08 07:34:05,001] TRACE Controller 0 epoch 17 changed state of replica 0 for partition [page_views,0] from ReplicaDeletionIneligible to OnlineReplica (state.change.logger)
[2016-07-08 07:34:05,001] TRACE Controller 0 epoch 17 sending become-leader LeaderAndIsr request (Leader:0,ISR:0,LeaderEpoch:15,ControllerEpoch:16) to broker 0 for partition [test,0] (state.change.logger)
[2016-07-08 07:34:05,001] TRACE Controller 0 epoch 17 sending become-leader LeaderAndIsr request (Leader:0,ISR:0,LeaderEpoch:5,ControllerEpoch:16) to broker 0 for partition [page_views,0] (state.change.logger)
[2016-07-08 07:34:05,001] TRACE Controller 0 epoch 17 sending become-leader LeaderAndIsr request (Leader:0,ISR:0,LeaderEpoch:2,ControllerEpoch:16) to broker 0 for partition [page_view_logs_stream,0] (state.change.logger)
[2016-07-08 07:34:05,001] TRACE Controller 0 epoch 17 sending become-leader LeaderAndIsr request (Leader:0,ISR:0,LeaderEpoch:2,ControllerEpoch:16) to broker 0 for partition [logs,0] (state.change.logger)
[2016-07-08 07:34:05,001] TRACE Controller 0 epoch 17 sending become-leader LeaderAndIsr request (Leader:0,ISR:0,LeaderEpoch:2,ControllerEpoch:16) to broker 0 for partition [page_views_logs_stream,0] (state.change.logger)
[2016-07-08 07:34:05,001] TRACE Controller 0 epoch 17 sending UpdateMetadata request (Leader:0,ISR:0,LeaderEpoch:15,ControllerEpoch:16) to broker 0 for partition test-0 (state.change.logger)
[2016-07-08 07:34:05,002] TRACE Controller 0 epoch 17 sending UpdateMetadata request (Leader:-2,ISR:0,LeaderEpoch:0,ControllerEpoch:16) to broker 0 for partition page_views-0 (state.change.logger)
[2016-07-08 07:34:05,002] TRACE Controller 0 epoch 17 sending UpdateMetadata request (Leader:0,ISR:0,LeaderEpoch:2,ControllerEpoch:16) to broker 0 for partition page_view_logs_stream-0 (state.change.logger)
[2016-07-08 07:34:05,002] TRACE Controller 0 epoch 17 sending UpdateMetadata request (Leader:0,ISR:0,LeaderEpoch:2,ControllerEpoch:16) to broker 0 for partition logs-0 (state.change.logger)
[2016-07-08 07:34:05,002] TRACE Controller 0 epoch 17 sending UpdateMetadata request (Leader:0,ISR:0,LeaderEpoch:2,ControllerEpoch:16) to broker 0 for partition page_views_logs_stream-0 (state.change.logger)
[2016-07-08 07:34:05,002] TRACE Controller 0 epoch 17 started leader election for partition [page_views,0] (state.change.logger)
[2016-07-08 07:34:05,009] TRACE Broker 0 cached leader info (LeaderAndIsrInfo:(Leader:0,ISR:0,LeaderEpoch:15,ControllerEpoch:16),ReplicationFactor:1),AllReplicas:0) for partition test-0 in response to UpdateMetadata request sent by controller 0 epoch 17 with correlation id 0 (state.change.logger)
[2016-07-08 07:34:05,010] TRACE Broker 0 cached leader info (LeaderAndIsrInfo:(Leader:0,ISR:0,LeaderEpoch:2,ControllerEpoch:16),ReplicationFactor:1),AllReplicas:0) for partition page_views_logs_stream-0 in response to UpdateMetadata request sent by controller 0 epoch 17 with correlation id 0 (state.change.logger)
[2016-07-08 07:34:05,010] TRACE Broker 0 cached leader info (LeaderAndIsrInfo:(Leader:0,ISR:0,LeaderEpoch:2,ControllerEpoch:16),ReplicationFactor:1),AllReplicas:0) for partition page_view_logs_stream-0 in response to UpdateMetadata request sent by controller 0 epoch 17 with correlation id 0 (state.change.logger)
[2016-07-08 07:34:05,010] TRACE Broker 0 deleted partition page_views-0 from metadata cache in response to UpdateMetadata request sent by controller 0 epoch 17 with correlation id 0 (state.change.logger)
[2016-07-08 07:34:05,010] TRACE Broker 0 cached leader info (LeaderAndIsrInfo:(Leader:0,ISR:0,LeaderEpoch:2,ControllerEpoch:16),ReplicationFactor:1),AllReplicas:0) for partition logs-0 in response to UpdateMetadata request sent by controller 0 epoch 17 with correlation id 0 (state.change.logger)
[2016-07-08 07:34:05,011] TRACE Controller 0 epoch 17 received response {error_code=0} for a request sent to broker quickstart.cloudera:9092 (id: 0 rack: null) (state.change.logger)
[2016-07-08 07:34:05,011] TRACE Controller 0 epoch 17 elected leader 0 for Offline partition [page_views,0] (state.change.logger)
[2016-07-08 07:34:05,011] TRACE Broker 0 received LeaderAndIsr request org.apache.kafka.common.requests.LeaderAndIsrRequest$PartitionState@46ab39e5 correlation id 1 from controller 0 epoch 17 for partition [test,0] (state.change.logger)
[2016-07-08 07:34:05,012] TRACE Broker 0 received LeaderAndIsr request org.apache.kafka.common.requests.LeaderAndIsrRequest$PartitionState@13660da2 correlation id 1 from controller 0 epoch 17 for partition [page_views_logs_stream,0] (state.change.logger)
[2016-07-08 07:34:05,012] TRACE Broker 0 received LeaderAndIsr request org.apache.kafka.common.requests.LeaderAndIsrRequest$PartitionState@110910a1 correlation id 1 from controller 0 epoch 17 for partition [page_view_logs_stream,0] (state.change.logger)
[2016-07-08 07:34:05,012] TRACE Broker 0 received LeaderAndIsr request org.apache.kafka.common.requests.LeaderAndIsrRequest$PartitionState@6a22c2c3 correlation id 1 from controller 0 epoch 17 for partition [page_views,0] (state.change.logger)
[2016-07-08 07:34:05,012] TRACE Broker 0 received LeaderAndIsr request org.apache.kafka.common.requests.LeaderAndIsrRequest$PartitionState@1020c6a5 correlation id 1 from controller 0 epoch 17 for partition [logs,0] (state.change.logger)
[2016-07-08 07:34:05,012] WARN Broker 0 ignoring LeaderAndIsr request from controller 0 with correlation id 1 epoch 17 for partition [test,0] since its associated leader epoch 15 is old. Current leader epoch is 15 (state.change.logger)
[2016-07-08 07:34:05,012] WARN Broker 0 ignoring LeaderAndIsr request from controller 0 with correlation id 1 epoch 17 for partition [page_views_logs_stream,0] since its associated leader epoch 2 is old. Current leader epoch is 2 (state.change.logger)
[2016-07-08 07:34:05,012] TRACE Controller 0 epoch 17 changed partition [page_views,0] from OfflinePartition to OnlinePartition with leader 0 (state.change.logger)
[2016-07-08 07:34:05,012] WARN Broker 0 ignoring LeaderAndIsr request from controller 0 with correlation id 1 epoch 17 for partition [page_view_logs_stream,0] since its associated leader epoch 2 is old. Current leader epoch is 2 (state.change.logger)
[2016-07-08 07:34:05,012] TRACE Controller 0 epoch 17 started leader election for partition [page_views_logs_stream,0] (state.change.logger)
[2016-07-08 07:34:05,012] WARN Broker 0 ignoring LeaderAndIsr request from controller 0 with correlation id 1 epoch 17 for partition [page_views,0] since its associated leader epoch 5 is old. Current leader epoch is 5 (state.change.logger)
[2016-07-08 07:34:05,012] WARN Broker 0 ignoring LeaderAndIsr request from controller 0 with correlation id 1 epoch 17 for partition [logs,0] since its associated leader epoch 2 is old. Current leader epoch is 2 (state.change.logger)
[2016-07-08 07:34:05,013] TRACE Controller 0 epoch 17 received response {error_code=0,partitions=[{topic=test,partition=0,error_code=11},{topic=page_views,partition=0,error_code=11},{topic=page_view_logs_stream,partition=0,error_code=11},{topic=logs,partition=0,error_code=11},{topic=page_views_logs_stream,partition=0,error_code=11}]} for a request sent to broker quickstart.cloudera:9092 (id: 0 rack: null) (state.change.logger)
[2016-07-08 07:34:05,014] TRACE Broker 0 cached leader info (LeaderAndIsrInfo:(Leader:0,ISR:0,LeaderEpoch:15,ControllerEpoch:16),ReplicationFactor:1),AllReplicas:0) for partition test-0 in response to UpdateMetadata request sent by controller 0 epoch 17 with correlation id 2 (state.change.logger)
[2016-07-08 07:34:05,014] TRACE Broker 0 cached leader info (LeaderAndIsrInfo:(Leader:0,ISR:0,LeaderEpoch:2,ControllerEpoch:16),ReplicationFactor:1),AllReplicas:0) for partition page_views_logs_stream-0 in response to UpdateMetadata request sent by controller 0 epoch 17 with correlation id 2 (state.change.logger)
[2016-07-08 07:34:05,014] TRACE Broker 0 cached leader info (LeaderAndIsrInfo:(Leader:0,ISR:0,LeaderEpoch:2,ControllerEpoch:16),ReplicationFactor:1),AllReplicas:0) for partition page_view_logs_stream-0 in response to UpdateMetadata request sent by controller 0 epoch 17 with correlation id 2 (state.change.logger)
[2016-07-08 07:34:05,014] TRACE Broker 0 deleted partition page_views-0 from metadata cache in response to UpdateMetadata request sent by controller 0 epoch 17 with correlation id 2 (state.change.logger)
[2016-07-08 07:34:05,014] TRACE Broker 0 cached leader info (LeaderAndIsrInfo:(Leader:0,ISR:0,LeaderEpoch:2,ControllerEpoch:16),ReplicationFactor:1),AllReplicas:0) for partition logs-0 in response to UpdateMetadata request sent by controller 0 epoch 17 with correlation id 2 (state.change.logger)
[2016-07-08 07:34:05,015] TRACE Controller 0 epoch 17 received response {error_code=0} for a request sent to broker quickstart.cloudera:9092 (id: 0 rack: null) (state.change.logger)
[2016-07-08 07:34:05,021] TRACE Controller 0 epoch 17 elected leader 0 for Offline partition [page_views_logs_stream,0] (state.change.logger)
[2016-07-08 07:34:05,022] TRACE Controller 0 epoch 17 changed partition [page_views_logs_stream,0] from OfflinePartition to OnlinePartition with leader 0 (state.change.logger)
[2016-07-08 07:34:05,022] TRACE Controller 0 epoch 17 started leader election for partition [logs,0] (state.change.logger)
[2016-07-08 07:34:05,029] TRACE Controller 0 epoch 17 elected leader 0 for Offline partition [logs,0] (state.change.logger)
[2016-07-08 07:34:05,030] TRACE Controller 0 epoch 17 changed partition [logs,0] from OfflinePartition to OnlinePartition with leader 0 (state.change.logger)
[2016-07-08 07:34:05,030] TRACE Controller 0 epoch 17 started leader election for partition [test,0] (state.change.logger)
[2016-07-08 07:34:05,035] TRACE Controller 0 epoch 17 elected leader 0 for Offline partition [test,0] (state.change.logger)
[2016-07-08 07:34:05,036] TRACE Controller 0 epoch 17 changed partition [test,0] from OfflinePartition to OnlinePartition with leader 0 (state.change.logger)
[2016-07-08 07:34:05,036] TRACE Controller 0 epoch 17 started leader election for partition [page_view_logs_stream,0] (state.change.logger)
[2016-07-08 07:34:05,049] TRACE Controller 0 epoch 17 elected leader 0 for Offline partition [page_view_logs_stream,0] (state.change.logger)
[2016-07-08 07:34:05,049] TRACE Controller 0 epoch 17 changed partition [page_view_logs_stream,0] from OfflinePartition to OnlinePartition with leader 0 (state.change.logger)
[2016-07-08 07:34:05,049] TRACE Controller 0 epoch 17 sending become-leader LeaderAndIsr request (Leader:0,ISR:0,LeaderEpoch:16,ControllerEpoch:17) to broker 0 for partition [test,0] (state.change.logger)
[2016-07-08 07:34:05,049] TRACE Controller 0 epoch 17 sending become-leader LeaderAndIsr request (Leader:0,ISR:0,LeaderEpoch:6,ControllerEpoch:17) to broker 0 for partition [page_views,0] (state.change.logger)
[2016-07-08 07:34:05,049] TRACE Controller 0 epoch 17 sending become-leader LeaderAndIsr request (Leader:0,ISR:0,LeaderEpoch:3,ControllerEpoch:17) to broker 0 for partition [page_view_logs_stream,0] (state.change.logger)
[2016-07-08 07:34:05,049] TRACE Controller 0 epoch 17 sending become-leader LeaderAndIsr request (Leader:0,ISR:0,LeaderEpoch:3,ControllerEpoch:17) to broker 0 for partition [logs,0] (state.change.logger)
[2016-07-08 07:34:05,050] TRACE Controller 0 epoch 17 sending become-leader LeaderAndIsr request (Leader:0,ISR:0,LeaderEpoch:3,ControllerEpoch:17) to broker 0 for partition [page_views_logs_stream,0] (state.change.logger)
[2016-07-08 07:34:05,050] TRACE Controller 0 epoch 17 sending UpdateMetadata request (Leader:0,ISR:0,LeaderEpoch:16,ControllerEpoch:17) to broker 0 for partition test-0 (state.change.logger)
[2016-07-08 07:34:05,050] TRACE Controller 0 epoch 17 sending UpdateMetadata request (Leader:-2,ISR:0,LeaderEpoch:0,ControllerEpoch:17) to broker 0 for partition page_views-0 (state.change.logger)
[2016-07-08 07:34:05,050] TRACE Controller 0 epoch 17 sending UpdateMetadata request (Leader:0,ISR:0,LeaderEpoch:3,ControllerEpoch:17) to broker 0 for partition page_view_logs_stream-0 (state.change.logger)
[2016-07-08 07:34:05,050] TRACE Controller 0 epoch 17 sending UpdateMetadata request (Leader:0,ISR:0,LeaderEpoch:3,ControllerEpoch:17) to broker 0 for partition logs-0 (state.change.logger)
[2016-07-08 07:34:05,050] TRACE Broker 0 received LeaderAndIsr request org.apache.kafka.common.requests.LeaderAndIsrRequest$PartitionState@7be97a62 correlation id 3 from controller 0 epoch 17 for partition [test,0] (state.change.logger)
[2016-07-08 07:34:05,050] TRACE Broker 0 received LeaderAndIsr request org.apache.kafka.common.requests.LeaderAndIsrRequest$PartitionState@1d61f77c correlation id 3 from controller 0 epoch 17 for partition [page_views_logs_stream,0] (state.change.logger)
[2016-07-08 07:34:05,050] TRACE Controller 0 epoch 17 sending UpdateMetadata request (Leader:0,ISR:0,LeaderEpoch:3,ControllerEpoch:17) to broker 0 for partition page_views_logs_stream-0 (state.change.logger)
[2016-07-08 07:34:05,051] TRACE Broker 0 received LeaderAndIsr request org.apache.kafka.common.requests.LeaderAndIsrRequest$PartitionState@abefcf6 correlation id 3 from controller 0 epoch 17 for partition [page_view_logs_stream,0] (state.change.logger)
[2016-07-08 07:34:05,051] TRACE Broker 0 received LeaderAndIsr request org.apache.kafka.common.requests.LeaderAndIsrRequest$PartitionState@d17ffd correlation id 3 from controller 0 epoch 17 for partition [page_views,0] (state.change.logger)
[2016-07-08 07:34:05,051] TRACE Broker 0 received LeaderAndIsr request org.apache.kafka.common.requests.LeaderAndIsrRequest$PartitionState@3a29bb76 correlation id 3 from controller 0 epoch 17 for partition [logs,0] (state.change.logger)
[2016-07-08 07:34:05,051] TRACE Broker 0 handling LeaderAndIsr request correlationId 3 from controller 0 epoch 17 starting the become-leader transition for partition [page_views_logs_stream,0] (state.change.logger)
[2016-07-08 07:34:05,051] TRACE Broker 0 handling LeaderAndIsr request correlationId 3 from controller 0 epoch 17 starting the become-leader transition for partition [test,0] (state.change.logger)
[2016-07-08 07:34:05,051] TRACE Broker 0 handling LeaderAndIsr request correlationId 3 from controller 0 epoch 17 starting the become-leader transition for partition [page_views,0] (state.change.logger)
[2016-07-08 07:34:05,051] TRACE Broker 0 handling LeaderAndIsr request correlationId 3 from controller 0 epoch 17 starting the become-leader transition for partition [page_view_logs_stream,0] (state.change.logger)
[2016-07-08 07:34:05,051] TRACE Broker 0 handling LeaderAndIsr request correlationId 3 from controller 0 epoch 17 starting the become-leader transition for partition [logs,0] (state.change.logger)
[2016-07-08 07:34:05,052] INFO Broker 0 skipped the become-leader state change after marking its partition as leader with correlation id 3 from controller 0 epoch 17 for partition [page_views_logs_stream,0] since it is already the leader for the partition. (state.change.logger)
[2016-07-08 07:34:05,052] INFO Broker 0 skipped the become-leader state change after marking its partition as leader with correlation id 3 from controller 0 epoch 17 for partition [test,0] since it is already the leader for the partition. (state.change.logger)
[2016-07-08 07:34:05,052] INFO Broker 0 skipped the become-leader state change after marking its partition as leader with correlation id 3 from controller 0 epoch 17 for partition [page_views,0] since it is already the leader for the partition. (state.change.logger)
[2016-07-08 07:34:05,052] INFO Broker 0 skipped the become-leader state change after marking its partition as leader with correlation id 3 from controller 0 epoch 17 for partition [page_view_logs_stream,0] since it is already the leader for the partition. (state.change.logger)
[2016-07-08 07:34:05,052] INFO Broker 0 skipped the become-leader state change after marking its partition as leader with correlation id 3 from controller 0 epoch 17 for partition [logs,0] since it is already the leader for the partition. (state.change.logger)
[2016-07-08 07:34:05,052] TRACE Broker 0 completed LeaderAndIsr request correlationId 3 from controller 0 epoch 17 for the become-leader transition for partition [page_views_logs_stream,0] (state.change.logger)
[2016-07-08 07:34:05,053] TRACE Broker 0 completed LeaderAndIsr request correlationId 3 from controller 0 epoch 17 for the become-leader transition for partition [test,0] (state.change.logger)
[2016-07-08 07:34:05,053] TRACE Broker 0 completed LeaderAndIsr request correlationId 3 from controller 0 epoch 17 for the become-leader transition for partition [page_views,0] (state.change.logger)
[2016-07-08 07:34:05,053] TRACE Broker 0 completed LeaderAndIsr request correlationId 3 from controller 0 epoch 17 for the become-leader transition for partition [page_view_logs_stream,0] (state.change.logger)
[2016-07-08 07:34:05,053] TRACE Broker 0 completed LeaderAndIsr request correlationId 3 from controller 0 epoch 17 for the become-leader transition for partition [logs,0] (state.change.logger)
[2016-07-08 07:34:05,054] TRACE Controller 0 epoch 17 received response {error_code=0,partitions=[{topic=test,partition=0,error_code=0},{topic=page_views,partition=0,error_code=0},{topic=page_view_logs_stream,partition=0,error_code=0},{topic=logs,partition=0,error_code=0},{topic=page_views_logs_stream,partition=0,error_code=0}]} for a request sent to broker quickstart.cloudera:9092 (id: 0 rack: null) (state.change.logger)
[2016-07-08 07:34:05,054] TRACE Broker 0 cached leader info (LeaderAndIsrInfo:(Leader:0,ISR:0,LeaderEpoch:16,ControllerEpoch:17),ReplicationFactor:1),AllReplicas:0) for partition test-0 in response to UpdateMetadata request sent by controller 0 epoch 17 with correlation id 4 (state.change.logger)
[2016-07-08 07:34:05,055] TRACE Broker 0 cached leader info (LeaderAndIsrInfo:(Leader:0,ISR:0,LeaderEpoch:3,ControllerEpoch:17),ReplicationFactor:1),AllReplicas:0) for partition page_views_logs_stream-0 in response to UpdateMetadata request sent by controller 0 epoch 17 with correlation id 4 (state.change.logger)
[2016-07-08 07:34:05,055] TRACE Broker 0 cached leader info (LeaderAndIsrInfo:(Leader:0,ISR:0,LeaderEpoch:3,ControllerEpoch:17),ReplicationFactor:1),AllReplicas:0) for partition page_view_logs_stream-0 in response to UpdateMetadata request sent by controller 0 epoch 17 with correlation id 4 (state.change.logger)
[2016-07-08 07:34:05,055] TRACE Broker 0 deleted partition page_views-0 from metadata cache in response to UpdateMetadata request sent by controller 0 epoch 17 with correlation id 4 (state.change.logger)
[2016-07-08 07:34:05,055] TRACE Broker 0 cached leader info (LeaderAndIsrInfo:(Leader:0,ISR:0,LeaderEpoch:3,ControllerEpoch:17),ReplicationFactor:1),AllReplicas:0) for partition logs-0 in response to UpdateMetadata request sent by controller 0 epoch 17 with correlation id 4 (state.change.logger)
[2016-07-08 07:34:05,055] TRACE Controller 0 epoch 17 received response {error_code=0} for a request sent to broker quickstart.cloudera:9092 (id: 0 rack: null) (state.change.logger)
[2016-07-08 07:41:07,473] TRACE Controller 0 epoch 18 started leader election for partition [page_views,0] (state.change.logger)
[2016-07-08 07:41:07,490] ERROR Controller 0 epoch 18 initiated state change for partition [page_views,0] from OfflinePartition to OnlinePartition failed (state.change.logger)
kafka.common.NoReplicaOnlineException: No replica for partition [page_views,0] is alive. Live brokers are: [Set()], Assigned replicas are: [List(0)]
	at kafka.controller.OfflinePartitionLeaderSelector.selectLeader(PartitionLeaderSelector.scala:75)
	at kafka.controller.PartitionStateMachine.electLeaderForPartition(PartitionStateMachine.scala:345)
	at kafka.controller.PartitionStateMachine.kafka$controller$PartitionStateMachine$$handleStateChange(PartitionStateMachine.scala:205)
	at kafka.controller.PartitionStateMachine$$anonfun$triggerOnlinePartitionStateChange$3.apply(PartitionStateMachine.scala:120)
	at kafka.controller.PartitionStateMachine$$anonfun$triggerOnlinePartitionStateChange$3.apply(PartitionStateMachine.scala:117)
	at scala.collection.TraversableLike$WithFilter$$anonfun$foreach$1.apply(TraversableLike.scala:733)
	at scala.collection.mutable.HashMap$$anonfun$foreach$1.apply(HashMap.scala:99)
	at scala.collection.mutable.HashMap$$anonfun$foreach$1.apply(HashMap.scala:99)
	at scala.collection.mutable.HashTable$class.foreachEntry(HashTable.scala:230)
	at scala.collection.mutable.HashMap.foreachEntry(HashMap.scala:40)
	at scala.collection.mutable.HashMap.foreach(HashMap.scala:99)
	at scala.collection.TraversableLike$WithFilter.foreach(TraversableLike.scala:732)
	at kafka.controller.PartitionStateMachine.triggerOnlinePartitionStateChange(PartitionStateMachine.scala:117)
	at kafka.controller.PartitionStateMachine.startup(PartitionStateMachine.scala:70)
	at kafka.controller.KafkaController.onControllerFailover(KafkaController.scala:335)
	at kafka.controller.KafkaController$$anonfun$1.apply$mcV$sp(KafkaController.scala:166)
	at kafka.server.ZookeeperLeaderElector.elect(ZookeeperLeaderElector.scala:84)
	at kafka.server.ZookeeperLeaderElector$$anonfun$startup$1.apply$mcZ$sp(ZookeeperLeaderElector.scala:50)
	at kafka.server.ZookeeperLeaderElector$$anonfun$startup$1.apply(ZookeeperLeaderElector.scala:48)
	at kafka.server.ZookeeperLeaderElector$$anonfun$startup$1.apply(ZookeeperLeaderElector.scala:48)
	at kafka.utils.CoreUtils$.inLock(CoreUtils.scala:231)
	at kafka.server.ZookeeperLeaderElector.startup(ZookeeperLeaderElector.scala:48)
	at kafka.controller.KafkaController$$anonfun$startup$1.apply$mcV$sp(KafkaController.scala:684)
	at kafka.controller.KafkaController$$anonfun$startup$1.apply(KafkaController.scala:680)
	at kafka.controller.KafkaController$$anonfun$startup$1.apply(KafkaController.scala:680)
	at kafka.utils.CoreUtils$.inLock(CoreUtils.scala:231)
	at kafka.controller.KafkaController.startup(KafkaController.scala:680)
	at kafka.server.KafkaServer.startup(KafkaServer.scala:200)
	at kafka.server.KafkaServerStartable.startup(KafkaServerStartable.scala:37)
	at kafka.Kafka$.main(Kafka.scala:67)
	at kafka.Kafka.main(Kafka.scala)
[2016-07-08 07:41:07,492] TRACE Controller 0 epoch 18 started leader election for partition [page_views_logs_stream,0] (state.change.logger)
[2016-07-08 07:41:07,505] ERROR Controller 0 epoch 18 initiated state change for partition [page_views_logs_stream,0] from OfflinePartition to OnlinePartition failed (state.change.logger)
kafka.common.NoReplicaOnlineException: No replica for partition [page_views_logs_stream,0] is alive. Live brokers are: [Set()], Assigned replicas are: [List(0)]
	at kafka.controller.OfflinePartitionLeaderSelector.selectLeader(PartitionLeaderSelector.scala:75)
	at kafka.controller.PartitionStateMachine.electLeaderForPartition(PartitionStateMachine.scala:345)
	at kafka.controller.PartitionStateMachine.kafka$controller$PartitionStateMachine$$handleStateChange(PartitionStateMachine.scala:205)
	at kafka.controller.PartitionStateMachine$$anonfun$triggerOnlinePartitionStateChange$3.apply(PartitionStateMachine.scala:120)
	at kafka.controller.PartitionStateMachine$$anonfun$triggerOnlinePartitionStateChange$3.apply(PartitionStateMachine.scala:117)
	at scala.collection.TraversableLike$WithFilter$$anonfun$foreach$1.apply(TraversableLike.scala:733)
	at scala.collection.mutable.HashMap$$anonfun$foreach$1.apply(HashMap.scala:99)
	at scala.collection.mutable.HashMap$$anonfun$foreach$1.apply(HashMap.scala:99)
	at scala.collection.mutable.HashTable$class.foreachEntry(HashTable.scala:230)
	at scala.collection.mutable.HashMap.foreachEntry(HashMap.scala:40)
	at scala.collection.mutable.HashMap.foreach(HashMap.scala:99)
	at scala.collection.TraversableLike$WithFilter.foreach(TraversableLike.scala:732)
	at kafka.controller.PartitionStateMachine.triggerOnlinePartitionStateChange(PartitionStateMachine.scala:117)
	at kafka.controller.PartitionStateMachine.startup(PartitionStateMachine.scala:70)
	at kafka.controller.KafkaController.onControllerFailover(KafkaController.scala:335)
	at kafka.controller.KafkaController$$anonfun$1.apply$mcV$sp(KafkaController.scala:166)
	at kafka.server.ZookeeperLeaderElector.elect(ZookeeperLeaderElector.scala:84)
	at kafka.server.ZookeeperLeaderElector$$anonfun$startup$1.apply$mcZ$sp(ZookeeperLeaderElector.scala:50)
	at kafka.server.ZookeeperLeaderElector$$anonfun$startup$1.apply(ZookeeperLeaderElector.scala:48)
	at kafka.server.ZookeeperLeaderElector$$anonfun$startup$1.apply(ZookeeperLeaderElector.scala:48)
	at kafka.utils.CoreUtils$.inLock(CoreUtils.scala:231)
	at kafka.server.ZookeeperLeaderElector.startup(ZookeeperLeaderElector.scala:48)
	at kafka.controller.KafkaController$$anonfun$startup$1.apply$mcV$sp(KafkaController.scala:684)
	at kafka.controller.KafkaController$$anonfun$startup$1.apply(KafkaController.scala:680)
	at kafka.controller.KafkaController$$anonfun$startup$1.apply(KafkaController.scala:680)
	at kafka.utils.CoreUtils$.inLock(CoreUtils.scala:231)
	at kafka.controller.KafkaController.startup(KafkaController.scala:680)
	at kafka.server.KafkaServer.startup(KafkaServer.scala:200)
	at kafka.server.KafkaServerStartable.startup(KafkaServerStartable.scala:37)
	at kafka.Kafka$.main(Kafka.scala:67)
	at kafka.Kafka.main(Kafka.scala)
[2016-07-08 07:41:07,506] TRACE Controller 0 epoch 18 started leader election for partition [logs,0] (state.change.logger)
[2016-07-08 07:41:07,516] ERROR Controller 0 epoch 18 initiated state change for partition [logs,0] from OfflinePartition to OnlinePartition failed (state.change.logger)
kafka.common.NoReplicaOnlineException: No replica for partition [logs,0] is alive. Live brokers are: [Set()], Assigned replicas are: [List(0)]
	at kafka.controller.OfflinePartitionLeaderSelector.selectLeader(PartitionLeaderSelector.scala:75)
	at kafka.controller.PartitionStateMachine.electLeaderForPartition(PartitionStateMachine.scala:345)
	at kafka.controller.PartitionStateMachine.kafka$controller$PartitionStateMachine$$handleStateChange(PartitionStateMachine.scala:205)
	at kafka.controller.PartitionStateMachine$$anonfun$triggerOnlinePartitionStateChange$3.apply(PartitionStateMachine.scala:120)
	at kafka.controller.PartitionStateMachine$$anonfun$triggerOnlinePartitionStateChange$3.apply(PartitionStateMachine.scala:117)
	at scala.collection.TraversableLike$WithFilter$$anonfun$foreach$1.apply(TraversableLike.scala:733)
	at scala.collection.mutable.HashMap$$anonfun$foreach$1.apply(HashMap.scala:99)
	at scala.collection.mutable.HashMap$$anonfun$foreach$1.apply(HashMap.scala:99)
	at scala.collection.mutable.HashTable$class.foreachEntry(HashTable.scala:230)
	at scala.collection.mutable.HashMap.foreachEntry(HashMap.scala:40)
	at scala.collection.mutable.HashMap.foreach(HashMap.scala:99)
	at scala.collection.TraversableLike$WithFilter.foreach(TraversableLike.scala:732)
	at kafka.controller.PartitionStateMachine.triggerOnlinePartitionStateChange(PartitionStateMachine.scala:117)
	at kafka.controller.PartitionStateMachine.startup(PartitionStateMachine.scala:70)
	at kafka.controller.KafkaController.onControllerFailover(KafkaController.scala:335)
	at kafka.controller.KafkaController$$anonfun$1.apply$mcV$sp(KafkaController.scala:166)
	at kafka.server.ZookeeperLeaderElector.elect(ZookeeperLeaderElector.scala:84)
	at kafka.server.ZookeeperLeaderElector$$anonfun$startup$1.apply$mcZ$sp(ZookeeperLeaderElector.scala:50)
	at kafka.server.ZookeeperLeaderElector$$anonfun$startup$1.apply(ZookeeperLeaderElector.scala:48)
	at kafka.server.ZookeeperLeaderElector$$anonfun$startup$1.apply(ZookeeperLeaderElector.scala:48)
	at kafka.utils.CoreUtils$.inLock(CoreUtils.scala:231)
	at kafka.server.ZookeeperLeaderElector.startup(ZookeeperLeaderElector.scala:48)
	at kafka.controller.KafkaController$$anonfun$startup$1.apply$mcV$sp(KafkaController.scala:684)
	at kafka.controller.KafkaController$$anonfun$startup$1.apply(KafkaController.scala:680)
	at kafka.controller.KafkaController$$anonfun$startup$1.apply(KafkaController.scala:680)
	at kafka.utils.CoreUtils$.inLock(CoreUtils.scala:231)
	at kafka.controller.KafkaController.startup(KafkaController.scala:680)
	at kafka.server.KafkaServer.startup(KafkaServer.scala:200)
	at kafka.server.KafkaServerStartable.startup(KafkaServerStartable.scala:37)
	at kafka.Kafka$.main(Kafka.scala:67)
	at kafka.Kafka.main(Kafka.scala)
[2016-07-08 07:41:07,517] TRACE Controller 0 epoch 18 started leader election for partition [test,0] (state.change.logger)
[2016-07-08 07:41:07,527] ERROR Controller 0 epoch 18 initiated state change for partition [test,0] from OfflinePartition to OnlinePartition failed (state.change.logger)
kafka.common.NoReplicaOnlineException: No replica for partition [test,0] is alive. Live brokers are: [Set()], Assigned replicas are: [List(0)]
	at kafka.controller.OfflinePartitionLeaderSelector.selectLeader(PartitionLeaderSelector.scala:75)
	at kafka.controller.PartitionStateMachine.electLeaderForPartition(PartitionStateMachine.scala:345)
	at kafka.controller.PartitionStateMachine.kafka$controller$PartitionStateMachine$$handleStateChange(PartitionStateMachine.scala:205)
	at kafka.controller.PartitionStateMachine$$anonfun$triggerOnlinePartitionStateChange$3.apply(PartitionStateMachine.scala:120)
	at kafka.controller.PartitionStateMachine$$anonfun$triggerOnlinePartitionStateChange$3.apply(PartitionStateMachine.scala:117)
	at scala.collection.TraversableLike$WithFilter$$anonfun$foreach$1.apply(TraversableLike.scala:733)
	at scala.collection.mutable.HashMap$$anonfun$foreach$1.apply(HashMap.scala:99)
	at scala.collection.mutable.HashMap$$anonfun$foreach$1.apply(HashMap.scala:99)
	at scala.collection.mutable.HashTable$class.foreachEntry(HashTable.scala:230)
	at scala.collection.mutable.HashMap.foreachEntry(HashMap.scala:40)
	at scala.collection.mutable.HashMap.foreach(HashMap.scala:99)
	at scala.collection.TraversableLike$WithFilter.foreach(TraversableLike.scala:732)
	at kafka.controller.PartitionStateMachine.triggerOnlinePartitionStateChange(PartitionStateMachine.scala:117)
	at kafka.controller.PartitionStateMachine.startup(PartitionStateMachine.scala:70)
	at kafka.controller.KafkaController.onControllerFailover(KafkaController.scala:335)
	at kafka.controller.KafkaController$$anonfun$1.apply$mcV$sp(KafkaController.scala:166)
	at kafka.server.ZookeeperLeaderElector.elect(ZookeeperLeaderElector.scala:84)
	at kafka.server.ZookeeperLeaderElector$$anonfun$startup$1.apply$mcZ$sp(ZookeeperLeaderElector.scala:50)
	at kafka.server.ZookeeperLeaderElector$$anonfun$startup$1.apply(ZookeeperLeaderElector.scala:48)
	at kafka.server.ZookeeperLeaderElector$$anonfun$startup$1.apply(ZookeeperLeaderElector.scala:48)
	at kafka.utils.CoreUtils$.inLock(CoreUtils.scala:231)
	at kafka.server.ZookeeperLeaderElector.startup(ZookeeperLeaderElector.scala:48)
	at kafka.controller.KafkaController$$anonfun$startup$1.apply$mcV$sp(KafkaController.scala:684)
	at kafka.controller.KafkaController$$anonfun$startup$1.apply(KafkaController.scala:680)
	at kafka.controller.KafkaController$$anonfun$startup$1.apply(KafkaController.scala:680)
	at kafka.utils.CoreUtils$.inLock(CoreUtils.scala:231)
	at kafka.controller.KafkaController.startup(KafkaController.scala:680)
	at kafka.server.KafkaServer.startup(KafkaServer.scala:200)
	at kafka.server.KafkaServerStartable.startup(KafkaServerStartable.scala:37)
	at kafka.Kafka$.main(Kafka.scala:67)
	at kafka.Kafka.main(Kafka.scala)
[2016-07-08 07:41:07,528] TRACE Controller 0 epoch 18 started leader election for partition [page_view_logs_stream,0] (state.change.logger)
[2016-07-08 07:41:07,539] ERROR Controller 0 epoch 18 initiated state change for partition [page_view_logs_stream,0] from OfflinePartition to OnlinePartition failed (state.change.logger)
kafka.common.NoReplicaOnlineException: No replica for partition [page_view_logs_stream,0] is alive. Live brokers are: [Set()], Assigned replicas are: [List(0)]
	at kafka.controller.OfflinePartitionLeaderSelector.selectLeader(PartitionLeaderSelector.scala:75)
	at kafka.controller.PartitionStateMachine.electLeaderForPartition(PartitionStateMachine.scala:345)
	at kafka.controller.PartitionStateMachine.kafka$controller$PartitionStateMachine$$handleStateChange(PartitionStateMachine.scala:205)
	at kafka.controller.PartitionStateMachine$$anonfun$triggerOnlinePartitionStateChange$3.apply(PartitionStateMachine.scala:120)
	at kafka.controller.PartitionStateMachine$$anonfun$triggerOnlinePartitionStateChange$3.apply(PartitionStateMachine.scala:117)
	at scala.collection.TraversableLike$WithFilter$$anonfun$foreach$1.apply(TraversableLike.scala:733)
	at scala.collection.mutable.HashMap$$anonfun$foreach$1.apply(HashMap.scala:99)
	at scala.collection.mutable.HashMap$$anonfun$foreach$1.apply(HashMap.scala:99)
	at scala.collection.mutable.HashTable$class.foreachEntry(HashTable.scala:230)
	at scala.collection.mutable.HashMap.foreachEntry(HashMap.scala:40)
	at scala.collection.mutable.HashMap.foreach(HashMap.scala:99)
	at scala.collection.TraversableLike$WithFilter.foreach(TraversableLike.scala:732)
	at kafka.controller.PartitionStateMachine.triggerOnlinePartitionStateChange(PartitionStateMachine.scala:117)
	at kafka.controller.PartitionStateMachine.startup(PartitionStateMachine.scala:70)
	at kafka.controller.KafkaController.onControllerFailover(KafkaController.scala:335)
	at kafka.controller.KafkaController$$anonfun$1.apply$mcV$sp(KafkaController.scala:166)
	at kafka.server.ZookeeperLeaderElector.elect(ZookeeperLeaderElector.scala:84)
	at kafka.server.ZookeeperLeaderElector$$anonfun$startup$1.apply$mcZ$sp(ZookeeperLeaderElector.scala:50)
	at kafka.server.ZookeeperLeaderElector$$anonfun$startup$1.apply(ZookeeperLeaderElector.scala:48)
	at kafka.server.ZookeeperLeaderElector$$anonfun$startup$1.apply(ZookeeperLeaderElector.scala:48)
	at kafka.utils.CoreUtils$.inLock(CoreUtils.scala:231)
	at kafka.server.ZookeeperLeaderElector.startup(ZookeeperLeaderElector.scala:48)
	at kafka.controller.KafkaController$$anonfun$startup$1.apply$mcV$sp(KafkaController.scala:684)
	at kafka.controller.KafkaController$$anonfun$startup$1.apply(KafkaController.scala:680)
	at kafka.controller.KafkaController$$anonfun$startup$1.apply(KafkaController.scala:680)
	at kafka.utils.CoreUtils$.inLock(CoreUtils.scala:231)
	at kafka.controller.KafkaController.startup(KafkaController.scala:680)
	at kafka.server.KafkaServer.startup(KafkaServer.scala:200)
	at kafka.server.KafkaServerStartable.startup(KafkaServerStartable.scala:37)
	at kafka.Kafka$.main(Kafka.scala:67)
	at kafka.Kafka.main(Kafka.scala)
[2016-07-08 07:41:07,664] TRACE Controller 0 epoch 18 sending UpdateMetadata request (Leader:0,ISR:0,LeaderEpoch:16,ControllerEpoch:17) to broker 0 for partition test-0 (state.change.logger)
[2016-07-08 07:41:07,665] TRACE Controller 0 epoch 18 sending UpdateMetadata request (Leader:-2,ISR:0,LeaderEpoch:0,ControllerEpoch:17) to broker 0 for partition page_views-0 (state.change.logger)
[2016-07-08 07:41:07,665] TRACE Controller 0 epoch 18 sending UpdateMetadata request (Leader:0,ISR:0,LeaderEpoch:3,ControllerEpoch:17) to broker 0 for partition page_view_logs_stream-0 (state.change.logger)
[2016-07-08 07:41:07,665] TRACE Controller 0 epoch 18 sending UpdateMetadata request (Leader:0,ISR:0,LeaderEpoch:3,ControllerEpoch:17) to broker 0 for partition logs-0 (state.change.logger)
[2016-07-08 07:41:07,665] TRACE Controller 0 epoch 18 sending UpdateMetadata request (Leader:0,ISR:0,LeaderEpoch:3,ControllerEpoch:17) to broker 0 for partition page_views_logs_stream-0 (state.change.logger)
[2016-07-08 07:41:07,691] TRACE Controller 0 epoch 18 changed state of replica 0 for partition [test,0] from ReplicaDeletionIneligible to OnlineReplica (state.change.logger)
[2016-07-08 07:41:07,691] TRACE Controller 0 epoch 18 changed state of replica 0 for partition [logs,0] from ReplicaDeletionIneligible to OnlineReplica (state.change.logger)
[2016-07-08 07:41:07,692] TRACE Controller 0 epoch 18 changed state of replica 0 for partition [page_view_logs_stream,0] from ReplicaDeletionIneligible to OnlineReplica (state.change.logger)
[2016-07-08 07:41:07,692] TRACE Controller 0 epoch 18 changed state of replica 0 for partition [page_views_logs_stream,0] from ReplicaDeletionIneligible to OnlineReplica (state.change.logger)
[2016-07-08 07:41:07,693] TRACE Controller 0 epoch 18 changed state of replica 0 for partition [page_views,0] from ReplicaDeletionIneligible to OnlineReplica (state.change.logger)
[2016-07-08 07:41:07,694] TRACE Controller 0 epoch 18 sending become-leader LeaderAndIsr request (Leader:0,ISR:0,LeaderEpoch:16,ControllerEpoch:17) to broker 0 for partition [test,0] (state.change.logger)
[2016-07-08 07:41:07,695] TRACE Controller 0 epoch 18 sending become-leader LeaderAndIsr request (Leader:0,ISR:0,LeaderEpoch:6,ControllerEpoch:17) to broker 0 for partition [page_views,0] (state.change.logger)
[2016-07-08 07:41:07,695] TRACE Controller 0 epoch 18 sending become-leader LeaderAndIsr request (Leader:0,ISR:0,LeaderEpoch:3,ControllerEpoch:17) to broker 0 for partition [page_view_logs_stream,0] (state.change.logger)
[2016-07-08 07:41:07,695] TRACE Controller 0 epoch 18 sending become-leader LeaderAndIsr request (Leader:0,ISR:0,LeaderEpoch:3,ControllerEpoch:17) to broker 0 for partition [logs,0] (state.change.logger)
[2016-07-08 07:41:07,702] TRACE Controller 0 epoch 18 sending become-leader LeaderAndIsr request (Leader:0,ISR:0,LeaderEpoch:3,ControllerEpoch:17) to broker 0 for partition [page_views_logs_stream,0] (state.change.logger)
[2016-07-08 07:41:07,706] TRACE Controller 0 epoch 18 sending UpdateMetadata request (Leader:0,ISR:0,LeaderEpoch:16,ControllerEpoch:17) to broker 0 for partition test-0 (state.change.logger)
[2016-07-08 07:41:07,706] TRACE Controller 0 epoch 18 sending UpdateMetadata request (Leader:-2,ISR:0,LeaderEpoch:0,ControllerEpoch:17) to broker 0 for partition page_views-0 (state.change.logger)
[2016-07-08 07:41:07,706] TRACE Controller 0 epoch 18 sending UpdateMetadata request (Leader:0,ISR:0,LeaderEpoch:3,ControllerEpoch:17) to broker 0 for partition page_view_logs_stream-0 (state.change.logger)
[2016-07-08 07:41:07,706] TRACE Controller 0 epoch 18 sending UpdateMetadata request (Leader:0,ISR:0,LeaderEpoch:3,ControllerEpoch:17) to broker 0 for partition logs-0 (state.change.logger)
[2016-07-08 07:41:07,707] TRACE Controller 0 epoch 18 sending UpdateMetadata request (Leader:0,ISR:0,LeaderEpoch:3,ControllerEpoch:17) to broker 0 for partition page_views_logs_stream-0 (state.change.logger)
[2016-07-08 07:41:07,707] TRACE Controller 0 epoch 18 started leader election for partition [page_views,0] (state.change.logger)
[2016-07-08 07:41:07,717] TRACE Controller 0 epoch 18 elected leader 0 for Offline partition [page_views,0] (state.change.logger)
[2016-07-08 07:41:07,719] TRACE Controller 0 epoch 18 changed partition [page_views,0] from OfflinePartition to OnlinePartition with leader 0 (state.change.logger)
[2016-07-08 07:41:07,719] TRACE Controller 0 epoch 18 started leader election for partition [page_views_logs_stream,0] (state.change.logger)
[2016-07-08 07:41:07,725] TRACE Broker 0 cached leader info (LeaderAndIsrInfo:(Leader:0,ISR:0,LeaderEpoch:16,ControllerEpoch:17),ReplicationFactor:1),AllReplicas:0) for partition test-0 in response to UpdateMetadata request sent by controller 0 epoch 18 with correlation id 0 (state.change.logger)
[2016-07-08 07:41:07,725] TRACE Controller 0 epoch 18 elected leader 0 for Offline partition [page_views_logs_stream,0] (state.change.logger)
[2016-07-08 07:41:07,725] TRACE Broker 0 cached leader info (LeaderAndIsrInfo:(Leader:0,ISR:0,LeaderEpoch:3,ControllerEpoch:17),ReplicationFactor:1),AllReplicas:0) for partition page_views_logs_stream-0 in response to UpdateMetadata request sent by controller 0 epoch 18 with correlation id 0 (state.change.logger)
[2016-07-08 07:41:07,725] TRACE Broker 0 cached leader info (LeaderAndIsrInfo:(Leader:0,ISR:0,LeaderEpoch:3,ControllerEpoch:17),ReplicationFactor:1),AllReplicas:0) for partition page_view_logs_stream-0 in response to UpdateMetadata request sent by controller 0 epoch 18 with correlation id 0 (state.change.logger)
[2016-07-08 07:41:07,726] TRACE Controller 0 epoch 18 changed partition [page_views_logs_stream,0] from OfflinePartition to OnlinePartition with leader 0 (state.change.logger)
[2016-07-08 07:41:07,726] TRACE Controller 0 epoch 18 started leader election for partition [logs,0] (state.change.logger)
[2016-07-08 07:41:07,727] TRACE Broker 0 deleted partition page_views-0 from metadata cache in response to UpdateMetadata request sent by controller 0 epoch 18 with correlation id 0 (state.change.logger)
[2016-07-08 07:41:07,727] TRACE Broker 0 cached leader info (LeaderAndIsrInfo:(Leader:0,ISR:0,LeaderEpoch:3,ControllerEpoch:17),ReplicationFactor:1),AllReplicas:0) for partition logs-0 in response to UpdateMetadata request sent by controller 0 epoch 18 with correlation id 0 (state.change.logger)
[2016-07-08 07:41:07,732] TRACE Controller 0 epoch 18 elected leader 0 for Offline partition [logs,0] (state.change.logger)
[2016-07-08 07:41:07,732] TRACE Controller 0 epoch 18 received response {error_code=0} for a request sent to broker quickstart.cloudera:9092 (id: 0 rack: null) (state.change.logger)
[2016-07-08 07:41:07,733] TRACE Controller 0 epoch 18 changed partition [logs,0] from OfflinePartition to OnlinePartition with leader 0 (state.change.logger)
[2016-07-08 07:41:07,733] TRACE Controller 0 epoch 18 started leader election for partition [test,0] (state.change.logger)
[2016-07-08 07:41:07,740] TRACE Controller 0 epoch 18 elected leader 0 for Offline partition [test,0] (state.change.logger)
[2016-07-08 07:41:07,741] TRACE Controller 0 epoch 18 changed partition [test,0] from OfflinePartition to OnlinePartition with leader 0 (state.change.logger)
[2016-07-08 07:41:07,741] TRACE Controller 0 epoch 18 started leader election for partition [page_view_logs_stream,0] (state.change.logger)
[2016-07-08 07:41:07,747] TRACE Controller 0 epoch 18 elected leader 0 for Offline partition [page_view_logs_stream,0] (state.change.logger)
[2016-07-08 07:41:07,748] TRACE Controller 0 epoch 18 changed partition [page_view_logs_stream,0] from OfflinePartition to OnlinePartition with leader 0 (state.change.logger)
[2016-07-08 07:41:07,748] TRACE Controller 0 epoch 18 sending become-leader LeaderAndIsr request (Leader:0,ISR:0,LeaderEpoch:17,ControllerEpoch:18) to broker 0 for partition [test,0] (state.change.logger)
[2016-07-08 07:41:07,748] TRACE Controller 0 epoch 18 sending become-leader LeaderAndIsr request (Leader:0,ISR:0,LeaderEpoch:7,ControllerEpoch:18) to broker 0 for partition [page_views,0] (state.change.logger)
[2016-07-08 07:41:07,748] TRACE Controller 0 epoch 18 sending become-leader LeaderAndIsr request (Leader:0,ISR:0,LeaderEpoch:4,ControllerEpoch:18) to broker 0 for partition [page_view_logs_stream,0] (state.change.logger)
[2016-07-08 07:41:07,748] TRACE Controller 0 epoch 18 sending become-leader LeaderAndIsr request (Leader:0,ISR:0,LeaderEpoch:4,ControllerEpoch:18) to broker 0 for partition [logs,0] (state.change.logger)
[2016-07-08 07:41:07,749] TRACE Controller 0 epoch 18 sending become-leader LeaderAndIsr request (Leader:0,ISR:0,LeaderEpoch:4,ControllerEpoch:18) to broker 0 for partition [page_views_logs_stream,0] (state.change.logger)
[2016-07-08 07:41:07,749] TRACE Controller 0 epoch 18 sending UpdateMetadata request (Leader:0,ISR:0,LeaderEpoch:17,ControllerEpoch:18) to broker 0 for partition test-0 (state.change.logger)
[2016-07-08 07:41:07,749] TRACE Controller 0 epoch 18 sending UpdateMetadata request (Leader:-2,ISR:0,LeaderEpoch:0,ControllerEpoch:18) to broker 0 for partition page_views-0 (state.change.logger)
[2016-07-08 07:41:07,749] TRACE Controller 0 epoch 18 sending UpdateMetadata request (Leader:0,ISR:0,LeaderEpoch:4,ControllerEpoch:18) to broker 0 for partition page_view_logs_stream-0 (state.change.logger)
[2016-07-08 07:41:07,750] TRACE Controller 0 epoch 18 sending UpdateMetadata request (Leader:0,ISR:0,LeaderEpoch:4,ControllerEpoch:18) to broker 0 for partition logs-0 (state.change.logger)
[2016-07-08 07:41:07,750] TRACE Controller 0 epoch 18 sending UpdateMetadata request (Leader:0,ISR:0,LeaderEpoch:4,ControllerEpoch:18) to broker 0 for partition page_views_logs_stream-0 (state.change.logger)
[2016-07-08 07:41:07,783] TRACE Broker 0 received LeaderAndIsr request org.apache.kafka.common.requests.LeaderAndIsrRequest$PartitionState@20836bc5 correlation id 1 from controller 0 epoch 18 for partition [test,0] (state.change.logger)
[2016-07-08 07:41:07,783] TRACE Broker 0 received LeaderAndIsr request org.apache.kafka.common.requests.LeaderAndIsrRequest$PartitionState@14186330 correlation id 1 from controller 0 epoch 18 for partition [page_views_logs_stream,0] (state.change.logger)
[2016-07-08 07:41:07,784] TRACE Broker 0 received LeaderAndIsr request org.apache.kafka.common.requests.LeaderAndIsrRequest$PartitionState@4d17ee9e correlation id 1 from controller 0 epoch 18 for partition [page_view_logs_stream,0] (state.change.logger)
[2016-07-08 07:41:07,784] TRACE Broker 0 received LeaderAndIsr request org.apache.kafka.common.requests.LeaderAndIsrRequest$PartitionState@5e32ee9c correlation id 1 from controller 0 epoch 18 for partition [page_views,0] (state.change.logger)
[2016-07-08 07:41:07,784] TRACE Broker 0 received LeaderAndIsr request org.apache.kafka.common.requests.LeaderAndIsrRequest$PartitionState@61cf7414 correlation id 1 from controller 0 epoch 18 for partition [logs,0] (state.change.logger)
[2016-07-08 07:41:07,798] TRACE Broker 0 handling LeaderAndIsr request correlationId 1 from controller 0 epoch 18 starting the become-leader transition for partition [page_views_logs_stream,0] (state.change.logger)
[2016-07-08 07:41:07,798] TRACE Broker 0 handling LeaderAndIsr request correlationId 1 from controller 0 epoch 18 starting the become-leader transition for partition [test,0] (state.change.logger)
[2016-07-08 07:41:07,799] TRACE Broker 0 handling LeaderAndIsr request correlationId 1 from controller 0 epoch 18 starting the become-leader transition for partition [page_views,0] (state.change.logger)
[2016-07-08 07:41:07,799] TRACE Broker 0 handling LeaderAndIsr request correlationId 1 from controller 0 epoch 18 starting the become-leader transition for partition [page_view_logs_stream,0] (state.change.logger)
[2016-07-08 07:41:07,799] TRACE Broker 0 handling LeaderAndIsr request correlationId 1 from controller 0 epoch 18 starting the become-leader transition for partition [logs,0] (state.change.logger)
[2016-07-08 07:41:07,826] TRACE Broker 0 stopped fetchers as part of become-leader request from controller 0 epoch 18 with correlation id 1 for partition [logs,0] (state.change.logger)
[2016-07-08 07:41:07,826] TRACE Broker 0 stopped fetchers as part of become-leader request from controller 0 epoch 18 with correlation id 1 for partition [page_views,0] (state.change.logger)
[2016-07-08 07:41:07,826] TRACE Broker 0 stopped fetchers as part of become-leader request from controller 0 epoch 18 with correlation id 1 for partition [page_views_logs_stream,0] (state.change.logger)
[2016-07-08 07:41:07,826] TRACE Broker 0 stopped fetchers as part of become-leader request from controller 0 epoch 18 with correlation id 1 for partition [page_view_logs_stream,0] (state.change.logger)
[2016-07-08 07:41:07,827] TRACE Broker 0 stopped fetchers as part of become-leader request from controller 0 epoch 18 with correlation id 1 for partition [test,0] (state.change.logger)
[2016-07-08 07:41:07,828] TRACE Broker 0 completed LeaderAndIsr request correlationId 1 from controller 0 epoch 18 for the become-leader transition for partition [page_views_logs_stream,0] (state.change.logger)
[2016-07-08 07:41:07,828] TRACE Broker 0 completed LeaderAndIsr request correlationId 1 from controller 0 epoch 18 for the become-leader transition for partition [test,0] (state.change.logger)
[2016-07-08 07:41:07,828] TRACE Broker 0 completed LeaderAndIsr request correlationId 1 from controller 0 epoch 18 for the become-leader transition for partition [page_views,0] (state.change.logger)
[2016-07-08 07:41:07,828] TRACE Broker 0 completed LeaderAndIsr request correlationId 1 from controller 0 epoch 18 for the become-leader transition for partition [page_view_logs_stream,0] (state.change.logger)
[2016-07-08 07:41:07,829] TRACE Broker 0 completed LeaderAndIsr request correlationId 1 from controller 0 epoch 18 for the become-leader transition for partition [logs,0] (state.change.logger)
[2016-07-08 07:41:07,834] TRACE Controller 0 epoch 18 received response {error_code=0,partitions=[{topic=test,partition=0,error_code=0},{topic=page_views,partition=0,error_code=0},{topic=page_view_logs_stream,partition=0,error_code=0},{topic=logs,partition=0,error_code=0},{topic=page_views_logs_stream,partition=0,error_code=0}]} for a request sent to broker quickstart.cloudera:9092 (id: 0 rack: null) (state.change.logger)
[2016-07-08 07:41:07,835] TRACE Broker 0 cached leader info (LeaderAndIsrInfo:(Leader:0,ISR:0,LeaderEpoch:16,ControllerEpoch:17),ReplicationFactor:1),AllReplicas:0) for partition test-0 in response to UpdateMetadata request sent by controller 0 epoch 18 with correlation id 2 (state.change.logger)
[2016-07-08 07:41:07,836] TRACE Broker 0 cached leader info (LeaderAndIsrInfo:(Leader:0,ISR:0,LeaderEpoch:3,ControllerEpoch:17),ReplicationFactor:1),AllReplicas:0) for partition page_views_logs_stream-0 in response to UpdateMetadata request sent by controller 0 epoch 18 with correlation id 2 (state.change.logger)
[2016-07-08 07:41:07,836] TRACE Broker 0 cached leader info (LeaderAndIsrInfo:(Leader:0,ISR:0,LeaderEpoch:3,ControllerEpoch:17),ReplicationFactor:1),AllReplicas:0) for partition page_view_logs_stream-0 in response to UpdateMetadata request sent by controller 0 epoch 18 with correlation id 2 (state.change.logger)
[2016-07-08 07:41:07,836] TRACE Broker 0 deleted partition page_views-0 from metadata cache in response to UpdateMetadata request sent by controller 0 epoch 18 with correlation id 2 (state.change.logger)
[2016-07-08 07:41:07,836] TRACE Broker 0 cached leader info (LeaderAndIsrInfo:(Leader:0,ISR:0,LeaderEpoch:3,ControllerEpoch:17),ReplicationFactor:1),AllReplicas:0) for partition logs-0 in response to UpdateMetadata request sent by controller 0 epoch 18 with correlation id 2 (state.change.logger)
[2016-07-08 07:41:07,837] TRACE Controller 0 epoch 18 received response {error_code=0} for a request sent to broker quickstart.cloudera:9092 (id: 0 rack: null) (state.change.logger)
[2016-07-08 07:41:07,845] TRACE Broker 0 received LeaderAndIsr request org.apache.kafka.common.requests.LeaderAndIsrRequest$PartitionState@36ec9d26 correlation id 3 from controller 0 epoch 18 for partition [test,0] (state.change.logger)
[2016-07-08 07:41:07,846] TRACE Broker 0 received LeaderAndIsr request org.apache.kafka.common.requests.LeaderAndIsrRequest$PartitionState@2702fe37 correlation id 3 from controller 0 epoch 18 for partition [page_views_logs_stream,0] (state.change.logger)
[2016-07-08 07:41:07,846] TRACE Broker 0 received LeaderAndIsr request org.apache.kafka.common.requests.LeaderAndIsrRequest$PartitionState@215fec1c correlation id 3 from controller 0 epoch 18 for partition [page_view_logs_stream,0] (state.change.logger)
[2016-07-08 07:41:07,846] TRACE Broker 0 received LeaderAndIsr request org.apache.kafka.common.requests.LeaderAndIsrRequest$PartitionState@20863362 correlation id 3 from controller 0 epoch 18 for partition [page_views,0] (state.change.logger)
[2016-07-08 07:41:07,846] TRACE Broker 0 received LeaderAndIsr request org.apache.kafka.common.requests.LeaderAndIsrRequest$PartitionState@61f71310 correlation id 3 from controller 0 epoch 18 for partition [logs,0] (state.change.logger)
[2016-07-08 07:41:07,846] TRACE Broker 0 handling LeaderAndIsr request correlationId 3 from controller 0 epoch 18 starting the become-leader transition for partition [page_views_logs_stream,0] (state.change.logger)
[2016-07-08 07:41:07,847] TRACE Broker 0 handling LeaderAndIsr request correlationId 3 from controller 0 epoch 18 starting the become-leader transition for partition [test,0] (state.change.logger)
[2016-07-08 07:41:07,847] TRACE Broker 0 handling LeaderAndIsr request correlationId 3 from controller 0 epoch 18 starting the become-leader transition for partition [page_views,0] (state.change.logger)
[2016-07-08 07:41:07,847] TRACE Broker 0 handling LeaderAndIsr request correlationId 3 from controller 0 epoch 18 starting the become-leader transition for partition [page_view_logs_stream,0] (state.change.logger)
[2016-07-08 07:41:07,847] TRACE Broker 0 handling LeaderAndIsr request correlationId 3 from controller 0 epoch 18 starting the become-leader transition for partition [logs,0] (state.change.logger)
[2016-07-08 07:41:07,849] INFO Broker 0 skipped the become-leader state change after marking its partition as leader with correlation id 3 from controller 0 epoch 18 for partition [page_views_logs_stream,0] since it is already the leader for the partition. (state.change.logger)
[2016-07-08 07:41:07,849] INFO Broker 0 skipped the become-leader state change after marking its partition as leader with correlation id 3 from controller 0 epoch 18 for partition [test,0] since it is already the leader for the partition. (state.change.logger)
[2016-07-08 07:41:07,850] INFO Broker 0 skipped the become-leader state change after marking its partition as leader with correlation id 3 from controller 0 epoch 18 for partition [page_views,0] since it is already the leader for the partition. (state.change.logger)
[2016-07-08 07:41:07,850] INFO Broker 0 skipped the become-leader state change after marking its partition as leader with correlation id 3 from controller 0 epoch 18 for partition [page_view_logs_stream,0] since it is already the leader for the partition. (state.change.logger)
[2016-07-08 07:41:07,851] INFO Broker 0 skipped the become-leader state change after marking its partition as leader with correlation id 3 from controller 0 epoch 18 for partition [logs,0] since it is already the leader for the partition. (state.change.logger)
[2016-07-08 07:41:07,851] TRACE Broker 0 completed LeaderAndIsr request correlationId 3 from controller 0 epoch 18 for the become-leader transition for partition [page_views_logs_stream,0] (state.change.logger)
[2016-07-08 07:41:07,851] TRACE Broker 0 completed LeaderAndIsr request correlationId 3 from controller 0 epoch 18 for the become-leader transition for partition [test,0] (state.change.logger)
[2016-07-08 07:41:07,851] TRACE Broker 0 completed LeaderAndIsr request correlationId 3 from controller 0 epoch 18 for the become-leader transition for partition [page_views,0] (state.change.logger)
[2016-07-08 07:41:07,851] TRACE Broker 0 completed LeaderAndIsr request correlationId 3 from controller 0 epoch 18 for the become-leader transition for partition [page_view_logs_stream,0] (state.change.logger)
[2016-07-08 07:41:07,852] TRACE Broker 0 completed LeaderAndIsr request correlationId 3 from controller 0 epoch 18 for the become-leader transition for partition [logs,0] (state.change.logger)
[2016-07-08 07:41:07,853] TRACE Controller 0 epoch 18 received response {error_code=0,partitions=[{topic=test,partition=0,error_code=0},{topic=page_views,partition=0,error_code=0},{topic=page_view_logs_stream,partition=0,error_code=0},{topic=logs,partition=0,error_code=0},{topic=page_views_logs_stream,partition=0,error_code=0}]} for a request sent to broker quickstart.cloudera:9092 (id: 0 rack: null) (state.change.logger)
[2016-07-08 07:41:07,854] TRACE Broker 0 cached leader info (LeaderAndIsrInfo:(Leader:0,ISR:0,LeaderEpoch:17,ControllerEpoch:18),ReplicationFactor:1),AllReplicas:0) for partition test-0 in response to UpdateMetadata request sent by controller 0 epoch 18 with correlation id 4 (state.change.logger)
[2016-07-08 07:41:07,855] TRACE Broker 0 cached leader info (LeaderAndIsrInfo:(Leader:0,ISR:0,LeaderEpoch:4,ControllerEpoch:18),ReplicationFactor:1),AllReplicas:0) for partition page_views_logs_stream-0 in response to UpdateMetadata request sent by controller 0 epoch 18 with correlation id 4 (state.change.logger)
[2016-07-08 07:41:07,855] TRACE Broker 0 cached leader info (LeaderAndIsrInfo:(Leader:0,ISR:0,LeaderEpoch:4,ControllerEpoch:18),ReplicationFactor:1),AllReplicas:0) for partition page_view_logs_stream-0 in response to UpdateMetadata request sent by controller 0 epoch 18 with correlation id 4 (state.change.logger)
[2016-07-08 07:41:07,855] TRACE Broker 0 deleted partition page_views-0 from metadata cache in response to UpdateMetadata request sent by controller 0 epoch 18 with correlation id 4 (state.change.logger)
[2016-07-08 07:41:07,855] TRACE Broker 0 cached leader info (LeaderAndIsrInfo:(Leader:0,ISR:0,LeaderEpoch:4,ControllerEpoch:18),ReplicationFactor:1),AllReplicas:0) for partition logs-0 in response to UpdateMetadata request sent by controller 0 epoch 18 with correlation id 4 (state.change.logger)
[2016-07-08 07:41:07,856] TRACE Controller 0 epoch 18 received response {error_code=0} for a request sent to broker quickstart.cloudera:9092 (id: 0 rack: null) (state.change.logger)
